SF:lib\helper\utils\constants.dart
DA:9,0
DA:94,0
DA:97,0
DA:102,0
DA:123,3
DA:128,3
DA:131,3
DA:134,3
DA:137,3
DA:140,3
DA:143,3
DA:190,7
LF:12
LH:8
end_of_record
SF:lib\helper\utils\form_validator.dart
DA:12,0
DA:15,1
DA:16,1
DA:18,1
DA:25,1
DA:26,1
DA:31,1
DA:32,2
DA:37,1
DA:38,1
DA:43,1
DA:44,1
DA:47,1
DA:54,1
DA:55,1
DA:60,1
DA:61,1
DA:66,1
DA:67,1
DA:72,1
DA:73,1
DA:78,1
DA:79,2
DA:84,1
DA:85,1
DA:90,1
DA:91,1
DA:96,1
DA:97,1
DA:102,1
DA:103,1
LF:31
LH:30
end_of_record
SF:lib\helper\extensions\string_extension.dart
DA:7,3
DA:10,3
DA:13,3
DA:16,3
DA:19,3
DA:22,3
DA:25,3
DA:28,0
DA:31,0
LF:9
LH:7
end_of_record
SF:lib\enums\role_type_enum.dart
DA:8,14
DA:16,2
DA:17,3
DA:18,0
LF:4
LH:3
end_of_record
SF:lib\models\movie_role_model.dart
DA:14,14
DA:23,1
DA:24,1
DA:26,1
DA:27,1
DA:28,2
DA:29,2
LF:7
LH:7
end_of_record
SF:lib\models\movie_role_model.freezed.dart
DA:10,0
DA:12,0
DA:15,1
DA:16,1
DA:21,13
DA:23,0
DA:27,0
DA:34,0
DA:35,0
DA:44,0
DA:45,0
DA:46,0
DA:48,0
DA:49,0
DA:51,0
DA:67,0
DA:73,0
DA:79,0
DA:80,0
DA:81,0
DA:84,0
DA:85,0
DA:88,0
DA:89,0
DA:95,0
DA:97,0
DA:98,0
DA:120,0
DA:122,0
DA:124,0
DA:125,0
DA:127,0
DA:133,0
DA:134,0
DA:135,0
DA:138,0
DA:139,0
DA:142,0
DA:143,0
DA:154,2
DA:156,1
DA:158,1
DA:159,1
DA:168,0
DA:170,0
DA:173,1
DA:176,1
DA:177,2
DA:179,0
DA:180,2
DA:181,3
DA:182,2
DA:184,3
DA:187,0
DA:189,0
DA:190,0
DA:191,0
DA:192,0
DA:194,0
DA:197,0
DA:199,0
DA:201,0
DA:210,15
DA:215,0
DA:216,0
DA:217,0
DA:218,0
DA:219,0
DA:220,0
DA:221,0
DA:224,0
LF:71
LH:15
end_of_record
SF:lib\models\movie_role_model.g.dart
DA:9,1
DA:10,1
DA:11,1
DA:12,2
DA:13,2
DA:17,0
DA:18,0
DA:19,0
DA:20,0
DA:21,0
DA:24,1
DA:30,0
DA:32,0
DA:36,2
DA:37,3
DA:38,0
DA:40,0
DA:42,0
DA:45,0
DA:47,1
LF:20
LH:9
end_of_record
SF:lib\models\role_model.freezed.dart
DA:10,0
DA:12,0
DA:15,2
DA:16,2
DA:21,13
DA:23,0
DA:28,0
DA:36,0
DA:37,0
DA:46,0
DA:47,0
DA:48,0
DA:49,0
DA:51,0
DA:52,0
DA:54,0
DA:66,0
DA:72,0
DA:79,0
DA:80,0
DA:81,0
DA:84,0
DA:85,0
DA:88,0
DA:89,0
DA:92,0
DA:93,0
DA:112,0
DA:113,0
DA:115,0
DA:116,0
DA:118,0
DA:125,0
DA:126,0
DA:127,0
DA:130,0
DA:131,0
DA:134,0
DA:135,0
DA:138,0
DA:139,0
DA:150,4
DA:156,2
DA:157,2
DA:168,0
DA:170,0
DA:173,2
DA:176,2
DA:177,4
DA:178,3
DA:179,4
DA:181,0
DA:182,4
DA:183,0
DA:184,4
DA:186,0
DA:189,0
DA:191,0
DA:192,0
DA:193,0
DA:194,0
DA:195,0
DA:197,0
DA:200,0
DA:202,1
DA:204,1
DA:218,0
DA:219,0
DA:220,0
DA:221,0
DA:222,0
DA:223,0
DA:224,0
DA:225,0
DA:226,0
DA:229,0
LF:76
LH:15
end_of_record
SF:lib\models\role_model.dart
DA:17,2
DA:18,2
LF:2
LH:2
end_of_record
SF:lib\models\role_model.g.dart
DA:9,2
DA:10,2
DA:11,2
DA:12,2
DA:13,2
DA:14,2
DA:18,1
DA:19,1
DA:20,1
DA:21,1
DA:22,1
DA:23,1
LF:12
LH:12
end_of_record
SF:lib\enums\booking_status_enum.dart
DA:6,4
DA:14,2
DA:16,3
LF:3
LH:3
end_of_record
SF:lib\models\booking_model.g.dart
DA:9,2
DA:10,2
DA:11,2
DA:12,2
DA:13,2
DA:14,2
DA:15,2
DA:16,4
DA:17,4
DA:18,4
DA:19,4
DA:23,2
DA:24,2
DA:26,2
DA:28,2
DA:32,6
DA:33,4
DA:34,4
DA:35,6
DA:36,6
DA:37,4
DA:38,4
DA:39,6
DA:40,6
DA:44,2
DA:50,0
DA:52,0
DA:56,4
DA:57,6
DA:58,0
DA:60,0
DA:62,0
DA:65,0
DA:67,2
LF:34
LH:28
end_of_record
SF:lib\models\booking_model.freezed.dart
DA:10,1
DA:12,0
DA:15,2
DA:16,2
DA:21,3
DA:23,0
DA:39,0
DA:52,0
DA:53,0
DA:62,0
DA:63,0
DA:64,0
DA:65,0
DA:66,0
DA:67,0
DA:68,0
DA:69,0
DA:70,0
DA:71,0
DA:72,0
DA:73,0
DA:74,0
DA:75,0
DA:76,0
DA:78,0
DA:79,0
DA:81,0
DA:103,1
DA:109,0
DA:121,0
DA:122,0
DA:123,0
DA:126,0
DA:127,0
DA:130,0
DA:131,0
DA:134,0
DA:135,0
DA:138,0
DA:139,0
DA:142,0
DA:143,0
DA:146,0
DA:147,0
DA:150,0
DA:151,0
DA:154,0
DA:155,0
DA:184,1
DA:186,3
DA:188,1
DA:189,1
DA:191,1
DA:203,3
DA:204,1
DA:205,2
DA:208,1
DA:209,0
DA:212,1
DA:213,0
DA:216,1
DA:217,0
DA:220,1
DA:221,0
DA:224,1
DA:225,0
DA:228,1
DA:229,2
DA:232,1
DA:233,0
DA:236,1
DA:237,0
DA:248,2
DA:264,2
DA:266,2
DA:267,2
DA:294,0
DA:296,0
DA:299,2
DA:302,2
DA:303,4
DA:305,0
DA:306,4
DA:307,0
DA:308,4
DA:309,0
DA:310,4
DA:312,0
DA:313,4
DA:315,0
DA:316,4
DA:317,0
DA:318,4
DA:319,0
DA:320,4
DA:322,0
DA:323,4
DA:325,6
DA:328,0
DA:330,0
DA:331,0
DA:332,0
DA:333,0
DA:334,0
DA:335,0
DA:336,0
DA:337,0
DA:338,0
DA:339,0
DA:341,1
DA:344,1
DA:346,2
DA:348,2
DA:369,4
DA:374,0
DA:376,0
DA:377,0
DA:379,0
DA:380,0
DA:382,0
DA:383,0
DA:385,0
DA:386,0
DA:388,0
DA:389,0
DA:390,0
DA:391,0
DA:393,0
DA:394,0
DA:395,0
DA:396,0
DA:397,0
DA:398,0
DA:401,0
LF:134
LH:43
end_of_record
SF:lib\models\booking_model.dart
DA:12,2
DA:27,1
DA:43,2
DA:45,1
DA:46,1
DA:47,1
DA:48,1
DA:49,0
DA:50,1
DA:51,1
DA:54,2
DA:55,2
LF:12
LH:11
end_of_record
SF:lib\models\genre_model.freezed.dart
DA:10,0
DA:12,0
DA:15,2
DA:16,2
DA:21,2
DA:23,0
DA:24,0
DA:30,0
DA:31,0
DA:40,0
DA:41,0
DA:43,0
DA:44,0
DA:46,0
DA:59,0
DA:65,0
DA:70,0
DA:71,0
DA:72,0
DA:75,0
DA:76,0
DA:95,0
DA:97,0
DA:99,0
DA:100,0
DA:102,0
DA:107,0
DA:108,0
DA:109,0
DA:112,0
DA:113,0
DA:124,4
DA:126,2
DA:127,2
DA:134,0
DA:136,0
DA:139,2
DA:142,2
DA:143,4
DA:145,3
DA:146,4
DA:147,0
DA:150,0
DA:152,0
DA:153,0
DA:154,0
DA:156,0
DA:159,0
DA:161,1
DA:163,1
DA:174,0
DA:175,0
DA:176,0
DA:177,0
DA:178,0
DA:181,0
LF:56
LH:13
end_of_record
SF:lib\models\genre_model.g.dart
DA:9,2
DA:10,2
DA:11,2
DA:12,2
DA:16,1
DA:17,1
DA:18,1
DA:19,1
LF:8
LH:8
end_of_record
SF:lib\models\genre_model.dart
DA:15,2
DA:16,2
LF:2
LH:2
end_of_record
SF:lib\enums\movie_type_enum.dart
DA:6,1
DA:15,0
DA:17,0
LF:3
LH:1
end_of_record
SF:lib\models\movie_model.freezed.dart
DA:10,1
DA:12,0
DA:15,1
DA:16,1
DA:21,1
DA:23,0
DA:35,0
DA:48,0
DA:49,0
DA:58,0
DA:59,0
DA:60,0
DA:61,0
DA:62,0
DA:63,0
DA:64,0
DA:65,0
DA:66,0
DA:67,0
DA:68,0
DA:70,0
DA:71,0
DA:73,0
DA:95,1
DA:101,0
DA:113,0
DA:114,0
DA:115,0
DA:118,0
DA:119,0
DA:122,0
DA:123,0
DA:126,0
DA:127,0
DA:130,0
DA:131,0
DA:134,0
DA:135,0
DA:138,0
DA:139,0
DA:142,0
DA:143,0
DA:146,0
DA:147,0
DA:175,1
DA:177,3
DA:179,1
DA:180,1
DA:182,1
DA:194,3
DA:195,1
DA:196,0
DA:199,1
DA:200,0
DA:203,1
DA:204,0
DA:207,1
DA:208,0
DA:211,1
DA:212,0
DA:215,1
DA:216,0
DA:219,1
DA:220,0
DA:223,1
DA:224,2
DA:227,1
DA:228,0
DA:239,1
DA:251,1
DA:253,1
DA:254,1
DA:278,0
DA:280,0
DA:283,1
DA:286,1
DA:287,2
DA:289,0
DA:290,2
DA:291,3
DA:292,2
DA:293,0
DA:294,2
DA:296,0
DA:297,2
DA:299,0
DA:300,2
DA:302,0
DA:303,2
DA:304,0
DA:305,2
DA:306,3
DA:307,2
DA:309,0
DA:312,0
DA:314,0
DA:315,0
DA:316,0
DA:317,0
DA:318,0
DA:319,0
DA:320,0
DA:321,0
DA:322,0
DA:323,0
DA:325,1
DA:328,1
DA:330,1
DA:332,1
DA:349,2
DA:354,0
DA:356,0
DA:357,0
DA:358,0
DA:359,0
DA:360,0
DA:361,0
DA:362,0
DA:363,0
DA:364,0
DA:365,0
DA:366,0
DA:367,0
DA:368,0
DA:369,0
DA:371,0
DA:372,0
DA:373,0
DA:374,0
DA:377,0
LF:130
LH:43
end_of_record
SF:lib\models\movie_model.g.dart
DA:9,1
DA:10,1
DA:11,1
DA:12,1
DA:13,1
DA:14,1
DA:15,1
DA:16,1
DA:17,2
DA:18,1
DA:19,3
DA:20,1
DA:21,2
DA:25,1
DA:26,1
DA:28,1
DA:30,0
DA:34,3
DA:35,2
DA:36,2
DA:37,2
DA:38,2
DA:39,2
DA:40,2
DA:41,3
DA:42,3
DA:46,1
DA:52,0
DA:54,0
DA:58,2
DA:59,3
DA:60,0
DA:62,0
DA:64,0
DA:67,0
DA:69,1
LF:36
LH:29
end_of_record
SF:lib\models\movie_model.dart
DA:11,1
DA:12,4
DA:17,1
DA:32,1
DA:33,1
DA:40,1
DA:45,1
DA:62,2
DA:63,1
DA:64,1
DA:65,1
DA:66,1
DA:67,1
DA:68,1
DA:69,1
DA:70,0
DA:71,1
DA:74,1
DA:75,1
DA:77,1
DA:78,5
LF:21
LH:20
end_of_record
SF:lib\enums\payment_method_enum.dart
DA:8,2
DA:16,0
DA:17,0
DA:18,0
LF:4
LH:1
end_of_record
SF:lib\models\payment_model.g.dart
DA:9,1
DA:10,1
DA:11,1
DA:12,2
DA:13,1
DA:14,1
DA:15,2
DA:16,2
DA:17,2
DA:21,1
DA:22,1
DA:24,1
DA:26,1
DA:30,3
DA:31,2
DA:32,2
DA:33,2
DA:34,3
DA:35,3
DA:36,2
DA:40,1
DA:46,0
DA:48,0
DA:52,2
DA:53,3
DA:54,0
DA:56,0
DA:58,0
DA:61,0
DA:63,1
LF:30
LH:24
end_of_record
SF:lib\models\payment_model.freezed.dart
DA:10,1
DA:12,0
DA:15,1
DA:16,1
DA:21,2
DA:23,0
DA:33,0
DA:44,0
DA:45,0
DA:54,0
DA:55,0
DA:56,0
DA:57,0
DA:58,0
DA:59,0
DA:60,0
DA:61,0
DA:62,0
DA:64,0
DA:65,0
DA:67,0
DA:89,1
DA:95,0
DA:105,0
DA:106,0
DA:107,0
DA:110,0
DA:111,0
DA:114,0
DA:115,0
DA:118,0
DA:119,0
DA:122,0
DA:123,0
DA:126,0
DA:127,0
DA:130,0
DA:131,0
DA:160,1
DA:162,3
DA:164,1
DA:165,1
DA:167,1
DA:177,3
DA:178,1
DA:179,0
DA:182,1
DA:183,0
DA:186,1
DA:187,2
DA:190,1
DA:191,0
DA:194,1
DA:195,0
DA:198,1
DA:199,0
DA:202,1
DA:203,2
DA:214,1
DA:224,1
DA:226,1
DA:227,1
DA:246,0
DA:248,0
DA:251,1
DA:254,1
DA:255,2
DA:257,0
DA:258,2
DA:259,0
DA:260,2
DA:261,0
DA:262,2
DA:263,0
DA:264,2
DA:266,3
DA:267,2
DA:269,0
DA:270,2
DA:272,3
DA:275,0
DA:277,0
DA:278,0
DA:279,0
DA:280,0
DA:281,0
DA:282,0
DA:283,0
DA:284,0
DA:286,1
DA:289,1
DA:291,1
DA:293,1
DA:308,2
DA:313,0
DA:315,0
DA:316,0
DA:317,0
DA:318,0
DA:319,0
DA:320,0
DA:321,0
DA:322,0
DA:323,0
DA:324,0
DA:325,0
DA:326,0
DA:328,0
DA:329,0
DA:332,0
LF:110
LH:40
end_of_record
SF:lib\models\payment_model.dart
DA:12,1
DA:26,1
DA:38,2
DA:39,1
DA:40,1
DA:41,1
DA:42,0
DA:43,1
DA:44,1
DA:47,1
DA:48,1
LF:11
LH:10
end_of_record
SF:lib\models\seat_model.freezed.dart
DA:10,0
DA:12,0
DA:15,2
DA:16,2
DA:21,3
DA:23,0
DA:24,0
DA:30,0
DA:31,0
DA:40,0
DA:41,0
DA:43,0
DA:44,0
DA:46,0
DA:58,0
DA:64,0
DA:69,0
DA:70,0
DA:71,0
DA:74,0
DA:75,0
DA:94,0
DA:95,0
DA:97,0
DA:98,0
DA:100,0
DA:105,0
DA:106,0
DA:107,0
DA:110,0
DA:111,0
DA:122,5
DA:124,2
DA:125,2
DA:132,0
DA:134,0
DA:137,3
DA:140,3
DA:141,6
DA:143,6
DA:144,4
DA:146,0
DA:149,0
DA:151,0
DA:152,0
DA:153,0
DA:155,0
DA:158,0
DA:160,2
DA:162,2
DA:173,0
DA:174,0
DA:175,0
DA:176,0
DA:177,0
DA:180,0
LF:56
LH:13
end_of_record
SF:lib\models\seat_model.g.dart
DA:9,2
DA:10,2
DA:11,2
DA:12,2
DA:16,2
DA:17,2
DA:18,2
DA:19,2
LF:8
LH:8
end_of_record
SF:lib\models\seat_model.dart
DA:14,4
LF:1
LH:1
end_of_record
SF:lib\enums\show_status_enum.dart
DA:8,6
DA:16,0
DA:17,0
DA:18,0
LF:4
LH:1
end_of_record
SF:lib\enums\show_type_enum.dart
DA:6,6
DA:13,0
DA:14,0
DA:15,0
LF:4
LH:1
end_of_record
SF:lib\models\show_model.freezed.dart
DA:10,0
DA:12,0
DA:15,1
DA:16,1
DA:21,1
DA:23,0
DA:27,0
DA:34,0
DA:35,0
DA:44,0
DA:45,0
DA:46,0
DA:48,0
DA:49,0
DA:51,0
DA:63,0
DA:69,0
DA:75,0
DA:76,0
DA:77,0
DA:80,0
DA:81,0
DA:84,0
DA:85,0
DA:104,0
DA:105,0
DA:107,0
DA:108,0
DA:110,0
DA:116,0
DA:117,0
DA:118,0
DA:121,0
DA:122,0
DA:125,0
DA:126,0
DA:137,1
DA:139,1
DA:141,1
DA:142,1
DA:151,0
DA:153,0
DA:156,1
DA:159,1
DA:160,2
DA:161,3
DA:162,2
DA:164,0
DA:165,2
DA:167,3
DA:170,0
DA:172,0
DA:173,0
DA:174,0
DA:175,0
DA:177,0
DA:180,0
DA:182,1
DA:184,1
DA:193,2
DA:198,0
DA:199,0
DA:200,0
DA:201,0
DA:202,0
DA:203,0
DA:204,0
DA:207,0
LF:68
LH:17
end_of_record
SF:lib\models\show_model.g.dart
DA:9,1
DA:10,1
DA:11,2
DA:12,1
DA:13,1
DA:14,3
DA:15,1
DA:19,1
DA:20,1
DA:21,2
DA:22,1
DA:23,5
LF:12
LH:12
end_of_record
SF:lib\models\show_model.dart
DA:11,1
DA:20,1
DA:21,1
DA:22,2
DA:28,1
DA:29,1
LF:6
LH:6
end_of_record
SF:lib\models\show_time_model.g.dart
DA:9,2
DA:10,2
DA:11,2
DA:12,4
DA:13,4
DA:14,4
DA:15,4
DA:16,2
DA:20,2
DA:21,2
DA:23,2
DA:25,0
DA:29,6
DA:30,6
DA:31,6
DA:32,6
DA:33,6
DA:34,4
DA:38,2
DA:44,0
DA:46,0
DA:50,4
DA:51,6
DA:52,0
DA:54,0
DA:56,0
DA:59,0
DA:61,2
LF:28
LH:21
end_of_record
SF:lib\models\show_time_model.dart
DA:13,3
DA:26,1
DA:27,2
DA:28,1
DA:37,2
DA:38,2
LF:6
LH:6
end_of_record
SF:lib\models\show_time_model.freezed.dart
DA:10,0
DA:12,0
DA:15,2
DA:16,2
DA:21,6
DA:23,0
DA:30,0
DA:40,0
DA:41,0
DA:50,0
DA:51,0
DA:52,0
DA:53,0
DA:54,0
DA:55,0
DA:56,0
DA:58,0
DA:59,0
DA:61,0
DA:81,0
DA:87,0
DA:96,0
DA:97,0
DA:98,0
DA:101,0
DA:102,0
DA:105,0
DA:106,0
DA:109,0
DA:110,0
DA:113,0
DA:114,0
DA:117,0
DA:118,0
DA:145,0
DA:147,0
DA:149,0
DA:150,0
DA:152,0
DA:161,0
DA:162,0
DA:163,0
DA:166,0
DA:167,0
DA:170,0
DA:171,0
DA:174,0
DA:175,0
DA:178,0
DA:179,0
DA:182,0
DA:183,0
DA:194,3
DA:201,3
DA:203,2
DA:204,2
DA:220,0
DA:222,0
DA:225,3
DA:228,3
DA:229,6
DA:230,0
DA:231,6
DA:233,9
DA:234,6
DA:236,9
DA:237,6
DA:239,3
DA:240,6
DA:242,0
DA:243,6
DA:245,0
DA:248,0
DA:250,0
DA:251,0
DA:252,0
DA:253,0
DA:254,0
DA:255,0
DA:256,0
DA:258,0
DA:261,0
DA:263,2
DA:265,2
DA:277,6
DA:282,0
DA:284,0
DA:285,0
DA:286,0
DA:287,0
DA:288,0
DA:289,0
DA:290,0
DA:291,0
DA:292,0
DA:293,0
DA:294,0
DA:295,0
DA:298,0
LF:99
LH:21
end_of_record
SF:lib\enums\theater_type_enum.dart
DA:6,2
DA:13,0
DA:15,0
LF:3
LH:1
end_of_record
SF:lib\models\show_seating_model.freezed.dart
DA:10,0
DA:12,0
DA:17,2
DA:19,0
DA:23,0
DA:36,0
DA:37,0
DA:38,0
DA:40,0
DA:42,0
DA:62,0
DA:68,0
DA:74,0
DA:75,0
DA:76,0
DA:79,0
DA:80,0
DA:83,0
DA:84,0
DA:90,0
DA:92,0
DA:93,0
DA:97,0
DA:99,0
DA:100,0
DA:127,0
DA:129,0
DA:131,0
DA:132,0
DA:134,0
DA:140,0
DA:141,0
DA:142,0
DA:145,0
DA:146,0
DA:149,0
DA:150,0
DA:160,1
DA:172,0
DA:174,0
DA:177,1
DA:180,1
DA:181,2
DA:183,3
DA:184,2
DA:186,0
DA:187,2
DA:189,3
DA:192,0
DA:194,0
DA:195,0
DA:196,0
DA:197,0
DA:199,0
DA:202,0
DA:211,0
DA:212,0
DA:213,0
DA:214,0
DA:215,0
DA:216,0
DA:217,0
DA:220,0
LF:63
LH:9
end_of_record
SF:lib\models\theater_model.freezed.dart
DA:10,1
DA:12,0
DA:15,1
DA:16,1
DA:21,2
DA:23,0
DA:32,0
DA:43,0
DA:44,0
DA:53,0
DA:54,0
DA:55,0
DA:56,0
DA:57,0
DA:58,0
DA:59,0
DA:60,0
DA:62,0
DA:63,0
DA:65,0
DA:85,1
DA:91,0
DA:101,0
DA:102,0
DA:103,0
DA:106,0
DA:107,0
DA:110,0
DA:111,0
DA:114,0
DA:115,0
DA:118,0
DA:119,0
DA:122,0
DA:123,0
DA:126,0
DA:127,0
DA:154,1
DA:156,3
DA:158,1
DA:159,1
DA:161,1
DA:171,3
DA:172,1
DA:173,0
DA:176,1
DA:177,2
DA:180,1
DA:181,0
DA:184,1
DA:185,0
DA:188,1
DA:189,0
DA:192,1
DA:193,0
DA:196,1
DA:197,0
DA:208,3
DA:217,1
DA:219,1
DA:220,1
DA:238,0
DA:240,0
DA:243,1
DA:246,1
DA:247,2
DA:249,3
DA:250,2
DA:252,0
DA:253,2
DA:255,0
DA:256,2
DA:258,0
DA:259,2
DA:261,0
DA:262,2
DA:264,3
DA:265,2
DA:266,3
DA:269,0
DA:271,0
DA:272,0
DA:273,0
DA:274,0
DA:275,0
DA:276,0
DA:277,0
DA:278,0
DA:280,1
DA:283,1
DA:285,1
DA:287,1
DA:301,4
DA:306,0
DA:308,0
DA:309,0
DA:310,0
DA:311,0
DA:312,0
DA:313,0
DA:314,0
DA:315,0
DA:316,0
DA:317,0
DA:318,0
DA:319,0
DA:320,0
DA:321,0
DA:324,0
LF:109
LH:40
end_of_record
SF:lib\models\theater_model.dart
DA:13,3
DA:26,1
DA:41,2
DA:42,1
DA:43,1
DA:44,1
DA:45,0
DA:46,1
DA:47,1
DA:48,1
DA:51,1
DA:52,1
LF:12
LH:11
end_of_record
SF:lib\models\theater_model.g.dart
DA:9,1
DA:10,1
DA:11,1
DA:12,1
DA:13,1
DA:14,1
DA:15,2
DA:16,1
DA:17,3
DA:18,1
DA:19,1
DA:20,3
DA:21,1
DA:25,1
DA:26,1
DA:28,1
DA:30,0
DA:34,3
DA:35,2
DA:36,2
DA:37,2
DA:38,3
DA:39,6
DA:40,6
DA:44,1
DA:50,0
DA:52,0
DA:56,2
DA:57,3
DA:58,0
DA:60,0
DA:62,0
DA:65,0
DA:67,1
LF:34
LH:27
end_of_record
SF:lib\models\user_booking_model.freezed.dart
DA:10,0
DA:12,0
DA:15,1
DA:16,1
DA:21,2
DA:23,0
DA:28,0
DA:36,0
DA:37,0
DA:46,0
DA:47,0
DA:48,0
DA:49,0
DA:51,0
DA:52,0
DA:54,0
DA:74,0
DA:80,0
DA:87,0
DA:88,0
DA:89,0
DA:92,0
DA:93,0
DA:96,0
DA:97,0
DA:100,0
DA:101,0
DA:107,0
DA:109,0
DA:110,0
DA:136,0
DA:138,0
DA:140,0
DA:141,0
DA:143,0
DA:150,0
DA:151,0
DA:152,0
DA:155,0
DA:156,0
DA:159,0
DA:160,0
DA:163,0
DA:164,0
DA:175,1
DA:181,1
DA:182,1
DA:193,0
DA:195,0
DA:198,1
DA:201,1
DA:202,2
DA:203,3
DA:204,2
DA:206,0
DA:207,2
DA:208,3
DA:209,2
DA:211,3
DA:214,0
DA:216,0
DA:217,0
DA:218,0
DA:219,0
DA:220,0
DA:222,0
DA:225,0
DA:227,1
DA:229,1
DA:243,0
DA:244,0
DA:245,0
DA:246,0
DA:247,0
DA:248,0
DA:249,0
DA:250,0
DA:251,0
DA:254,0
LF:79
LH:17
end_of_record
SF:lib\models\user_booking_model.g.dart
DA:9,1
DA:10,1
DA:11,1
DA:12,1
DA:13,2
DA:14,1
DA:15,3
DA:16,1
DA:20,1
DA:22,1
DA:23,1
DA:24,1
DA:25,2
DA:26,5
LF:14
LH:14
end_of_record
SF:lib\models\user_booking_model.dart
DA:19,2
LF:1
LH:1
end_of_record
SF:lib\models\user_booking_show_model.g.dart
DA:9,2
DA:11,2
DA:12,2
DA:13,4
DA:14,4
DA:18,2
DA:20,2
DA:21,2
DA:22,4
DA:23,4
DA:26,2
DA:32,0
DA:34,0
DA:38,4
DA:39,6
DA:40,0
DA:42,0
DA:44,0
DA:47,0
DA:49,2
LF:20
LH:14
end_of_record
SF:lib\models\user_booking_show_model.freezed.dart
DA:10,0
DA:12,0
DA:15,2
DA:16,2
DA:21,2
DA:23,0
DA:27,0
DA:34,0
DA:35,0
DA:44,0
DA:45,0
DA:46,0
DA:48,0
DA:49,0
DA:51,0
DA:65,0
DA:71,0
DA:77,0
DA:78,0
DA:79,0
DA:82,0
DA:83,0
DA:86,0
DA:87,0
DA:108,0
DA:110,0
DA:112,0
DA:113,0
DA:115,0
DA:121,0
DA:122,0
DA:123,0
DA:126,0
DA:127,0
DA:130,0
DA:131,0
DA:142,2
DA:147,2
DA:148,2
DA:157,0
DA:159,0
DA:162,2
DA:165,2
DA:166,4
DA:167,0
DA:168,4
DA:170,3
DA:171,4
DA:173,6
DA:176,0
DA:178,0
DA:179,0
DA:180,0
DA:181,0
DA:183,0
DA:186,0
DA:189,2
DA:191,2
DA:204,0
DA:205,0
DA:206,0
DA:207,0
DA:208,0
DA:209,0
DA:210,0
DA:213,0
LF:66
LH:15
end_of_record
SF:lib\models\user_booking_show_model.dart
DA:16,4
LF:1
LH:1
end_of_record
SF:lib\enums\user_role_enum.dart
DA:6,1
DA:14,0
DA:16,0
LF:3
LH:1
end_of_record
SF:lib\models\user_model.freezed.dart
DA:10,0
DA:12,0
DA:15,1
DA:16,1
DA:21,1
DA:23,0
DA:30,0
DA:40,0
DA:41,0
DA:50,0
DA:51,0
DA:52,0
DA:53,0
DA:54,0
DA:55,0
DA:56,0
DA:58,0
DA:59,0
DA:61,0
DA:79,0
DA:85,0
DA:94,0
DA:95,0
DA:96,0
DA:99,0
DA:100,0
DA:103,0
DA:104,0
DA:107,0
DA:108,0
DA:111,0
DA:112,0
DA:115,0
DA:116,0
DA:141,0
DA:142,0
DA:144,0
DA:145,0
DA:147,0
DA:156,0
DA:157,0
DA:158,0
DA:161,0
DA:162,0
DA:165,0
DA:166,0
DA:169,0
DA:170,0
DA:173,0
DA:174,0
DA:177,0
DA:178,0
DA:189,2
DA:197,1
DA:198,1
DA:214,0
DA:216,0
DA:219,1
DA:222,1
DA:223,2
DA:224,3
DA:225,2
DA:227,0
DA:228,2
DA:229,0
DA:230,2
DA:232,0
DA:233,2
DA:235,0
DA:236,2
DA:237,0
DA:240,0
DA:242,0
DA:243,0
DA:244,0
DA:245,0
DA:246,0
DA:247,0
DA:248,0
DA:250,0
DA:253,0
DA:255,1
DA:257,1
DA:273,0
DA:275,0
DA:276,0
DA:277,0
DA:278,0
DA:279,0
DA:280,0
DA:281,0
DA:282,0
DA:283,0
DA:284,0
DA:285,0
DA:286,0
DA:289,0
LF:97
LH:17
end_of_record
SF:lib\models\user_model.g.dart
DA:9,1
DA:10,1
DA:11,1
DA:12,1
DA:13,1
DA:14,1
DA:15,1
DA:16,2
DA:20,1
DA:21,1
DA:23,1
DA:25,1
DA:29,2
DA:30,2
DA:31,2
DA:32,2
DA:33,2
DA:34,3
DA:38,1
DA:44,0
DA:46,0
DA:50,2
DA:51,3
DA:52,0
DA:54,0
DA:56,0
DA:59,0
DA:61,1
LF:28
LH:22
end_of_record
SF:lib\models\user_model.dart
DA:21,1
DA:22,1
LF:2
LH:2
end_of_record
SF:lib\models\user_payment_model.freezed.dart
DA:10,0
DA:12,0
DA:15,1
DA:16,1
DA:21,1
DA:23,0
DA:29,0
DA:38,0
DA:39,0
DA:48,0
DA:49,0
DA:50,0
DA:51,0
DA:52,0
DA:54,0
DA:55,0
DA:57,0
DA:78,0
DA:84,0
DA:92,0
DA:93,0
DA:94,0
DA:97,0
DA:98,0
DA:101,0
DA:102,0
DA:105,0
DA:106,0
DA:109,0
DA:110,0
DA:116,0
DA:118,0
DA:119,0
DA:146,0
DA:148,0
DA:150,0
DA:151,0
DA:153,0
DA:161,0
DA:162,0
DA:163,0
DA:166,0
DA:167,0
DA:170,0
DA:171,0
DA:174,0
DA:175,0
DA:178,0
DA:179,0
DA:190,1
DA:197,1
DA:198,1
DA:211,0
DA:213,0
DA:216,1
DA:219,1
DA:220,2
DA:222,0
DA:223,2
DA:224,0
DA:225,2
DA:227,3
DA:228,2
DA:230,3
DA:231,2
DA:232,3
DA:235,0
DA:237,0
DA:238,0
DA:239,0
DA:240,0
DA:241,0
DA:242,0
DA:244,0
DA:247,0
DA:249,1
DA:251,1
DA:266,0
DA:267,0
DA:268,0
DA:269,0
DA:270,0
DA:271,0
DA:272,0
DA:273,0
DA:274,0
DA:275,0
DA:276,0
DA:279,0
DA:282,1
DA:284,1
DA:289,1
DA:291,0
DA:293,0
DA:299,0
DA:300,0
DA:309,0
DA:310,0
DA:312,0
DA:313,0
DA:315,0
DA:329,0
DA:335,0
DA:340,0
DA:341,0
DA:342,0
DA:345,0
DA:346,0
DA:367,0
DA:369,0
DA:371,0
DA:372,0
DA:374,0
DA:379,0
DA:380,0
DA:381,0
DA:384,0
DA:385,0
DA:396,2
DA:399,1
DA:400,1
DA:407,0
DA:409,0
DA:412,1
DA:415,1
DA:416,2
DA:417,3
DA:418,2
DA:420,0
DA:423,0
DA:425,0
DA:426,0
DA:427,0
DA:429,0
DA:432,0
DA:435,1
DA:437,1
DA:449,0
DA:450,0
DA:451,0
DA:452,0
DA:453,0
DA:456,0
LF:143
LH:31
end_of_record
SF:lib\models\user_payment_model.dart
DA:19,2
DA:31,2
LF:2
LH:2
end_of_record
SF:lib\models\user_payment_model.g.dart
DA:9,1
DA:10,1
DA:11,1
DA:12,2
DA:13,2
DA:14,2
DA:16,2
DA:20,1
DA:22,1
DA:23,1
DA:24,1
DA:25,2
DA:26,2
DA:27,2
DA:30,1
DA:36,0
DA:38,0
DA:42,2
DA:43,3
DA:44,0
DA:46,0
DA:48,0
DA:51,0
DA:53,1
DA:62,1
DA:64,1
DA:65,1
DA:66,1
DA:70,1
DA:72,1
DA:73,1
DA:74,1
LF:32
LH:26
end_of_record
