SF:lib\enums\booking_status_enum.dart
DA:6,34
DA:14,4
DA:16,6
LF:3
LH:3
end_of_record
SF:lib\helper\utils\custom_theme.dart
DA:9,0
DA:19,15
DA:23,10
DA:24,5
DA:25,10
DA:30,10
DA:35,10
DA:40,10
DA:45,10
DA:50,10
DA:55,10
DA:58,10
DA:61,10
DA:64,10
DA:68,5
DA:69,5
LF:16
LH:15
end_of_record
SF:lib\helper\utils\constants.dart
DA:9,0
DA:94,20
DA:97,20
DA:102,0
DA:123,9
DA:128,9
DA:131,9
DA:134,6
DA:137,6
DA:140,6
DA:143,6
DA:146,6
DA:193,7
LF:13
LH:11
end_of_record
SF:lib\enums\movie_type_enum.dart
DA:6,24
DA:15,2
DA:17,3
LF:3
LH:3
end_of_record
SF:lib\enums\payment_method_enum.dart
DA:8,27
DA:16,2
DA:17,3
DA:18,3
LF:4
LH:4
end_of_record
SF:lib\helper\extensions\string_extension.dart
DA:7,9
DA:10,9
DA:13,9
DA:16,6
DA:19,6
DA:22,6
DA:25,6
DA:28,6
DA:31,12
DA:34,2
LF:10
LH:10
end_of_record
SF:lib\enums\role_type_enum.dart
DA:8,25
DA:16,4
DA:17,6
DA:18,3
LF:4
LH:4
end_of_record
SF:lib\enums\show_status_enum.dart
DA:8,24
DA:16,2
DA:17,3
DA:18,4
LF:4
LH:4
end_of_record
SF:lib\enums\show_type_enum.dart
DA:6,24
DA:13,2
DA:14,3
DA:15,2
LF:4
LH:4
end_of_record
SF:lib\enums\theater_type_enum.dart
DA:6,24
DA:13,2
DA:15,3
LF:3
LH:3
end_of_record
SF:lib\enums\user_role_enum.dart
DA:6,24
DA:14,2
DA:16,3
LF:3
LH:3
end_of_record
SF:lib\providers\all_providers.dart
DA:38,0
DA:42,4
DA:43,1
DA:46,1
DA:49,4
DA:50,2
DA:52,1
DA:54,1
DA:55,1
DA:56,1
DA:57,1
DA:62,4
DA:63,2
DA:64,1
DA:68,4
DA:69,2
DA:70,1
DA:73,0
DA:78,0
DA:83,0
DA:88,0
DA:93,0
DA:99,9
DA:100,0
DA:101,0
DA:102,0
DA:103,0
DA:109,3
DA:110,1
DA:111,2
DA:112,1
DA:119,0
DA:124,0
DA:129,0
DA:134,0
DA:142,0
LF:36
LH:21
end_of_record
SF:lib\views\screens\change_password_screen.dart
DA:23,1
DA:25,1
DA:27,1
DA:28,1
DA:29,1
DA:30,2
DA:31,1
DA:32,1
DA:33,1
DA:34,0
DA:35,0
DA:36,0
DA:37,0
DA:38,0
DA:39,0
DA:40,0
DA:41,0
DA:43,0
DA:44,0
DA:48,0
DA:52,0
DA:54,0
DA:55,0
DA:61,0
DA:64,1
DA:65,0
DA:66,1
DA:67,1
DA:69,1
DA:70,0
DA:71,1
DA:72,1
DA:74,1
DA:77,2
DA:83,1
DA:95,1
DA:97,1
DA:98,0
DA:99,0
DA:100,0
DA:101,0
DA:102,0
DA:103,0
LF:43
LH:20
end_of_record
SF:lib\models\user_model.dart
DA:21,1
DA:22,1
LF:2
LH:2
end_of_record
SF:lib\models\user_model.g.dart
DA:9,2
DA:10,1
DA:11,1
DA:12,1
DA:13,1
DA:14,1
DA:15,2
DA:18,1
DA:19,1
DA:21,1
DA:23,1
DA:27,2
DA:28,2
DA:29,2
DA:30,2
DA:31,2
DA:32,3
DA:36,1
DA:42,0
DA:44,0
DA:48,2
DA:49,3
DA:50,0
DA:52,0
DA:54,0
DA:57,0
DA:59,1
LF:27
LH:21
end_of_record
SF:lib\providers\auth_provider.dart
DA:18,3
DA:19,1
DA:29,3
DA:36,3
DA:37,3
DA:40,0
DA:42,0
DA:44,0
DA:46,0
DA:48,0
DA:50,0
DA:52,0
DA:53,0
DA:56,0
DA:57,0
DA:58,0
DA:61,3
DA:62,6
DA:63,9
DA:64,12
DA:65,0
DA:66,3
DA:68,0
DA:72,0
DA:76,0
DA:77,0
DA:79,0
DA:81,0
DA:83,0
DA:84,0
DA:85,0
DA:86,0
DA:87,0
DA:91,0
DA:99,0
DA:100,0
DA:101,0
DA:109,0
DA:111,0
DA:112,0
DA:113,0
DA:115,0
DA:116,0
DA:117,0
DA:118,0
DA:119,0
DA:123,0
DA:124,0
DA:125,0
DA:126,0
DA:129,0
DA:130,0
DA:132,0
DA:133,0
DA:134,0
DA:135,0
DA:136,0
DA:140,0
DA:141,0
DA:142,0
DA:145,3
DA:146,3
DA:147,3
DA:148,3
DA:149,6
LF:65
LH:15
end_of_record
SF:lib\services\local_storage\key_value_storage_service.dart
DA:35,0
DA:36,0
DA:40,0
DA:41,0
DA:45,0
DA:46,0
DA:48,0
DA:52,0
DA:53,0
DA:59,0
DA:60,0
DA:66,0
DA:67,0
DA:68,0
DA:75,0
DA:76,0
DA:82,0
DA:83,0
DA:89,0
DA:90,0
DA:91,0
LF:21
LH:0
end_of_record
SF:lib\services\repositories\auth_repository.dart
DA:14,1
DA:16,0
DA:20,0
DA:21,0
DA:24,0
DA:25,0
DA:26,0
DA:31,0
DA:35,0
DA:36,0
DA:39,0
DA:40,0
DA:41,0
DA:42,0
DA:47,0
DA:50,0
DA:51,0
DA:54,0
DA:58,0
DA:61,0
DA:62,0
DA:65,0
DA:69,0
DA:72,0
DA:73,0
DA:76,0
DA:80,0
DA:81,0
DA:82,0
DA:85,0
LF:30
LH:1
end_of_record
SF:lib\helper\extensions\context_extensions.dart
DA:4,4
DA:5,4
DA:6,10
DA:7,15
DA:8,3
DA:9,0
DA:10,15
DA:11,0
DA:12,3
DA:13,0
DA:14,12
DA:15,0
LF:12
LH:8
end_of_record
SF:lib\helper\utils\exception_constants.dart
DA:8,0
LF:1
LH:0
end_of_record
SF:lib\helper\utils\form_validator.dart
DA:12,0
DA:15,2
DA:16,2
DA:18,2
DA:25,1
DA:26,1
DA:31,1
DA:32,2
DA:37,1
DA:38,1
DA:43,1
DA:44,1
DA:47,1
DA:54,2
DA:55,2
DA:60,2
DA:61,2
DA:66,2
DA:67,2
DA:72,1
DA:73,1
DA:78,1
DA:79,2
DA:84,1
DA:85,1
DA:90,1
DA:91,1
DA:96,1
DA:97,1
DA:102,1
DA:103,1
DA:108,1
DA:109,1
LF:33
LH:32
end_of_record
SF:lib\models\booking_model.dart
DA:13,2
DA:27,1
DA:43,2
DA:45,1
DA:46,1
DA:47,1
DA:48,1
DA:49,0
DA:50,1
DA:51,1
DA:54,2
DA:55,2
LF:12
LH:11
end_of_record
SF:lib\models\booking_model.g.dart
DA:9,2
DA:10,2
DA:11,2
DA:12,2
DA:13,2
DA:14,2
DA:15,2
DA:16,4
DA:17,4
DA:19,4
DA:20,4
DA:23,2
DA:24,2
DA:26,2
DA:28,2
DA:32,6
DA:33,4
DA:34,4
DA:35,6
DA:36,6
DA:37,4
DA:38,4
DA:39,6
DA:40,6
DA:44,2
DA:50,0
DA:52,0
DA:56,4
DA:57,6
DA:58,0
DA:60,0
DA:62,0
DA:65,0
DA:67,2
LF:34
LH:28
end_of_record
SF:lib\models\genre_model.dart
DA:15,2
DA:16,2
LF:2
LH:2
end_of_record
SF:lib\models\genre_model.g.dart
DA:9,2
DA:10,2
DA:11,2
DA:12,2
DA:15,1
DA:16,1
DA:17,1
DA:18,1
LF:8
LH:8
end_of_record
SF:lib\models\movie_model.dart
DA:12,1
DA:13,4
DA:18,1
DA:32,1
DA:33,1
DA:40,1
DA:45,1
DA:62,2
DA:63,1
DA:64,1
DA:65,1
DA:66,1
DA:67,1
DA:68,1
DA:69,1
DA:70,0
DA:71,1
DA:74,1
DA:75,1
DA:77,1
DA:78,5
LF:21
LH:20
end_of_record
SF:lib\models\movie_model.g.dart
DA:9,1
DA:10,1
DA:11,1
DA:12,1
DA:13,1
DA:14,1
DA:15,1
DA:16,1
DA:17,2
DA:18,1
DA:19,3
DA:20,1
DA:21,2
DA:24,1
DA:25,1
DA:27,1
DA:29,0
DA:33,3
DA:34,2
DA:35,2
DA:36,2
DA:37,2
DA:38,2
DA:39,2
DA:40,3
DA:41,3
DA:45,1
DA:51,0
DA:53,0
DA:57,2
DA:58,3
DA:59,0
DA:61,0
DA:63,0
DA:66,0
DA:68,1
LF:36
LH:29
end_of_record
SF:lib\models\movie_role_model.dart
DA:15,1
DA:23,1
DA:24,1
DA:26,1
DA:27,1
DA:28,2
DA:29,2
LF:7
LH:7
end_of_record
SF:lib\models\movie_role_model.g.dart
DA:9,1
DA:10,1
DA:11,1
DA:12,2
DA:13,2
DA:16,0
DA:17,0
DA:18,0
DA:19,0
DA:20,0
DA:23,1
DA:29,0
DA:31,0
DA:35,2
DA:36,3
DA:37,0
DA:39,0
DA:41,0
DA:44,0
DA:46,1
LF:20
LH:9
end_of_record
SF:lib\models\role_model.dart
DA:18,2
DA:19,2
LF:2
LH:2
end_of_record
SF:lib\models\role_model.g.dart
DA:9,4
DA:10,2
DA:11,2
DA:12,2
DA:13,2
DA:16,1
DA:17,1
DA:18,1
DA:19,1
DA:20,1
DA:21,1
LF:11
LH:11
end_of_record
SF:lib\models\payment_model.dart
DA:13,1
DA:26,1
DA:38,2
DA:39,1
DA:40,1
DA:41,1
DA:42,0
DA:43,1
DA:44,1
DA:47,1
DA:48,1
LF:11
LH:10
end_of_record
SF:lib\models\payment_model.g.dart
DA:9,1
DA:10,1
DA:11,1
DA:12,2
DA:13,1
DA:14,1
DA:15,2
DA:17,2
DA:18,2
DA:21,1
DA:22,1
DA:24,1
DA:26,1
DA:30,3
DA:31,2
DA:32,2
DA:33,2
DA:34,3
DA:35,3
DA:36,2
DA:40,1
DA:46,0
DA:48,0
DA:52,2
DA:53,3
DA:54,0
DA:56,0
DA:58,0
DA:61,0
DA:63,1
LF:30
LH:24
end_of_record
SF:lib\models\seat_model.dart
DA:15,4
LF:1
LH:1
end_of_record
SF:lib\models\seat_model.g.dart
DA:9,4
DA:10,2
DA:11,2
DA:14,2
DA:15,2
DA:16,2
DA:17,2
LF:7
LH:7
end_of_record
SF:lib\models\show_model.dart
DA:12,1
DA:20,1
DA:21,1
DA:22,2
DA:28,1
DA:29,1
LF:6
LH:6
end_of_record
SF:lib\models\show_model.g.dart
DA:9,2
DA:10,2
DA:11,1
DA:12,1
DA:13,3
DA:14,1
DA:17,1
DA:18,1
DA:19,2
DA:20,1
DA:21,5
LF:11
LH:11
end_of_record
SF:lib\models\show_time_model.dart
DA:14,3
DA:26,1
DA:27,2
DA:28,1
DA:37,2
DA:38,2
LF:6
LH:6
end_of_record
SF:lib\models\show_time_model.g.dart
DA:9,2
DA:10,2
DA:11,2
DA:12,4
DA:13,4
DA:14,4
DA:15,4
DA:16,2
DA:19,2
DA:20,2
DA:22,2
DA:24,0
DA:28,6
DA:29,6
DA:30,6
DA:31,6
DA:32,6
DA:33,4
DA:37,2
DA:43,0
DA:45,0
DA:49,4
DA:50,6
DA:51,0
DA:53,0
DA:55,0
DA:58,0
DA:60,2
LF:28
LH:21
end_of_record
SF:lib\models\theater_model.dart
DA:14,1
DA:26,1
DA:41,2
DA:42,1
DA:43,1
DA:44,1
DA:45,0
DA:46,1
DA:47,1
DA:48,1
DA:51,1
DA:52,1
LF:12
LH:11
end_of_record
SF:lib\models\theater_model.g.dart
DA:9,1
DA:10,1
DA:11,1
DA:12,1
DA:13,1
DA:14,1
DA:15,2
DA:16,1
DA:17,3
DA:18,1
DA:19,1
DA:20,3
DA:21,1
DA:24,1
DA:25,1
DA:27,1
DA:29,0
DA:33,3
DA:34,2
DA:35,2
DA:36,2
DA:37,3
DA:38,6
DA:39,6
DA:43,1
DA:49,0
DA:51,0
DA:55,2
DA:56,3
DA:57,0
DA:59,0
DA:61,0
DA:64,0
DA:66,1
LF:34
LH:27
end_of_record
SF:lib\models\user_booking_model.dart
DA:19,2
LF:1
LH:1
end_of_record
SF:lib\models\user_booking_model.g.dart
DA:9,1
DA:10,1
DA:11,1
DA:12,1
DA:13,2
DA:14,1
DA:15,3
DA:16,1
DA:19,1
DA:20,1
DA:21,1
DA:22,1
DA:23,2
DA:24,5
LF:14
LH:14
end_of_record
SF:lib\models\user_booking_show_model.dart
DA:17,4
LF:1
LH:1
end_of_record
SF:lib\models\user_booking_show_model.g.dart
DA:9,2
DA:11,2
DA:12,2
DA:13,4
DA:14,4
DA:17,2
DA:19,2
DA:20,2
DA:21,4
DA:22,4
DA:25,2
DA:31,0
DA:33,0
DA:37,4
DA:38,6
DA:39,0
DA:41,0
DA:43,0
DA:46,0
DA:48,2
LF:20
LH:14
end_of_record
SF:lib\models\user_payment_model.dart
DA:19,2
DA:30,2
LF:2
LH:2
end_of_record
SF:lib\models\user_payment_model.g.dart
DA:9,1
DA:10,1
DA:11,1
DA:12,2
DA:13,2
DA:15,2
DA:17,2
DA:20,1
DA:21,1
DA:22,1
DA:23,1
DA:24,2
DA:25,2
DA:26,2
DA:29,1
DA:35,0
DA:37,0
DA:41,2
DA:42,3
DA:43,0
DA:45,0
DA:47,0
DA:50,0
DA:52,1
DA:61,1
DA:63,1
DA:64,1
DA:65,1
DA:68,1
DA:70,1
DA:71,1
DA:72,1
LF:32
LH:26
end_of_record
SF:lib\services\networking\api_endpoint.dart
DA:10,0
DA:27,0
DA:30,0
DA:31,0
DA:32,0
DA:33,0
DA:34,0
DA:35,0
DA:36,0
DA:43,0
DA:46,0
DA:47,0
DA:48,0
DA:49,0
DA:57,0
DA:60,0
DA:61,0
DA:62,0
DA:63,0
DA:65,0
DA:66,0
DA:67,0
DA:75,0
DA:78,0
DA:79,0
DA:80,0
DA:81,0
DA:83,0
DA:84,0
DA:85,0
DA:93,0
DA:96,0
DA:97,0
DA:98,0
DA:99,0
DA:100,0
DA:108,0
DA:111,0
DA:112,0
DA:113,0
DA:114,0
DA:122,0
DA:125,0
DA:126,0
DA:127,0
DA:128,0
DA:129,0
DA:131,0
DA:132,0
DA:133,0
DA:135,0
DA:136,0
DA:137,0
DA:145,0
DA:148,0
DA:149,0
DA:150,0
DA:151,0
DA:153,0
DA:154,0
DA:155,0
DA:162,22
DA:180,22
DA:190,22
DA:198,22
DA:208,22
DA:218,22
DA:226,22
DA:240,22
LF:69
LH:8
end_of_record
SF:lib\services\networking\api_service.dart
DA:18,1
DA:38,0
DA:46,0
DA:48,0
DA:54,0
DA:57,0
DA:78,0
DA:86,0
DA:89,0
DA:94,0
DA:114,0
DA:122,0
DA:125,0
DA:129,0
DA:149,0
DA:157,0
DA:160,0
DA:164,0
DA:184,0
DA:192,0
DA:195,0
DA:199,0
DA:206,0
DA:208,0
LF:24
LH:1
end_of_record
SF:lib\services\networking\dio_service.dart
DA:25,1
DA:26,1
DA:27,3
DA:33,0
DA:35,0
DA:37,0
DA:53,0
DA:60,0
DA:64,0
DA:66,0
DA:67,0
DA:68,0
DA:84,0
DA:91,0
DA:95,0
DA:97,0
DA:98,0
DA:99,0
DA:115,0
DA:122,0
DA:126,0
DA:128,0
DA:129,0
DA:130,0
DA:146,0
DA:153,0
DA:157,0
DA:159,0
DA:160,0
DA:161,0
LF:30
LH:3
end_of_record
SF:lib\services\networking\interceptors\api_interceptor.dart
DA:16,2
DA:35,0
DA:39,0
DA:40,0
DA:41,0
DA:42,0
DA:45,0
DA:47,0
DA:75,0
DA:80,0
DA:82,0
DA:85,0
DA:86,0
DA:87,0
LF:14
LH:1
end_of_record
SF:lib\services\networking\interceptors\logging_interceptor.dart
DA:34,0
DA:39,0
DA:40,0
DA:42,0
DA:44,0
DA:45,0
DA:47,0
DA:48,0
DA:49,0
DA:52,0
DA:53,0
DA:56,0
DA:58,0
DA:78,0
DA:84,0
DA:86,0
DA:88,0
DA:90,0
DA:92,0
DA:117,0
DA:122,0
DA:123,0
DA:124,0
DA:125,0
DA:126,0
DA:127,0
DA:128,0
DA:129,0
DA:130,0
DA:131,0
DA:132,0
DA:133,0
DA:134,0
DA:139,0
DA:142,0
DA:144,0
DA:145,0
DA:148,0
DA:151,0
DA:153,0
LF:40
LH:0
end_of_record
SF:lib\services\networking\interceptors\refresh_token_interceptor.dart
DA:21,1
DA:28,0
DA:45,0
DA:49,0
DA:50,0
DA:51,0
DA:54,0
DA:55,0
DA:57,0
DA:59,0
DA:60,0
DA:63,0
DA:64,0
DA:65,0
DA:66,0
DA:67,0
DA:71,0
DA:78,0
DA:81,0
DA:82,0
DA:83,0
DA:86,0
DA:87,0
DA:88,0
DA:89,0
DA:90,0
DA:91,0
DA:94,0
DA:100,0
DA:108,0
DA:114,0
DA:116,0
DA:118,0
DA:119,0
DA:123,0
DA:124,0
DA:127,0
DA:130,0
DA:131,0
DA:135,0
DA:138,0
DA:139,0
DA:140,0
DA:141,0
DA:142,0
DA:143,0
DA:144,0
DA:145,0
DA:147,0
DA:150,0
DA:151,0
DA:152,0
DA:153,0
DA:154,0
DA:155,0
LF:55
LH:1
end_of_record
SF:lib\services\repositories\bookings_repository.dart
DA:19,0
DA:25,0
DA:26,0
DA:27,0
DA:28,0
DA:29,0
DA:33,0
DA:36,0
DA:37,0
DA:38,0
DA:39,0
DA:43,0
DA:46,0
DA:47,0
DA:49,0
DA:50,0
DA:54,0
DA:58,0
DA:59,0
DA:61,0
DA:62,0
DA:66,0
DA:70,0
DA:71,0
DA:73,0
DA:74,0
DA:78,0
DA:81,0
DA:82,0
DA:83,0
DA:84,0
DA:85,0
DA:86,0
DA:87,0
DA:92,0
DA:95,0
DA:96,0
DA:97,0
DA:98,0
DA:102,0
DA:105,0
DA:106,0
DA:108,0
DA:109,0
DA:113,0
DA:114,0
LF:46
LH:0
end_of_record
SF:lib\services\repositories\movies_repository.dart
DA:18,0
DA:24,0
DA:27,0
DA:28,0
DA:30,0
DA:31,0
DA:35,0
DA:39,0
DA:40,0
DA:42,0
DA:43,0
DA:47,0
DA:51,0
DA:52,0
DA:54,0
DA:55,0
DA:59,0
DA:62,0
DA:63,0
DA:65,0
DA:66,0
DA:70,0
DA:73,0
DA:74,0
DA:75,0
DA:76,0
DA:80,0
DA:83,0
DA:84,0
DA:85,0
DA:86,0
DA:90,0
DA:91,0
LF:33
LH:0
end_of_record
SF:lib\services\repositories\payments_repository.dart
DA:18,0
DA:24,0
DA:27,0
DA:28,0
DA:30,0
DA:31,0
DA:35,0
DA:38,0
DA:39,0
DA:40,0
DA:41,0
DA:45,0
DA:48,0
DA:49,0
DA:51,0
DA:52,0
DA:56,0
DA:60,0
DA:61,0
DA:63,0
DA:64,0
DA:68,0
DA:72,0
DA:73,0
DA:75,0
DA:76,0
DA:80,0
DA:83,0
DA:84,0
DA:85,0
DA:86,0
DA:90,0
DA:91,0
LF:33
LH:0
end_of_record
SF:lib\services\repositories\shows_repository.dart
DA:17,0
DA:23,0
DA:26,0
DA:27,0
DA:31,0
DA:32,0
DA:36,0
DA:39,0
DA:40,0
DA:41,0
DA:42,0
DA:46,0
DA:49,0
DA:50,0
DA:52,0
DA:53,0
DA:57,0
DA:61,0
DA:62,0
DA:64,0
DA:65,0
DA:69,0
DA:73,0
DA:74,0
DA:76,0
DA:77,0
DA:81,0
DA:82,0
LF:28
LH:0
end_of_record
SF:lib\services\repositories\theaters_repository.dart
DA:17,0
DA:23,0
DA:26,0
DA:27,0
DA:29,0
DA:30,0
DA:34,0
DA:37,0
DA:38,0
DA:39,0
DA:40,0
DA:44,0
DA:47,0
DA:48,0
DA:50,0
DA:51,0
DA:55,0
DA:59,0
DA:60,0
DA:62,0
DA:63,0
DA:67,0
DA:71,0
DA:72,0
DA:74,0
DA:75,0
DA:79,0
DA:80,0
LF:28
LH:0
end_of_record
SF:lib\providers\bookings_provider.dart
DA:23,0
DA:33,0
DA:38,0
DA:40,0
DA:41,0
DA:44,0
DA:50,0
DA:51,0
DA:52,0
DA:53,0
DA:54,0
DA:56,0
DA:60,0
DA:63,0
DA:66,0
DA:69,0
DA:72,0
DA:75,0
DA:78,0
DA:79,0
DA:80,0
DA:81,0
DA:82,0
DA:83,0
DA:84,0
DA:87,0
DA:88,0
DA:91,0
DA:93,0
DA:99,0
DA:108,0
DA:112,0
DA:117,0
DA:119,0
DA:148,0
DA:151,0
DA:154,0
DA:155,0
LF:38
LH:0
end_of_record
SF:lib\providers\forgot_password_provider.dart
DA:17,1
DA:21,1
DA:23,0
DA:25,0
DA:26,0
DA:29,0
DA:30,0
DA:31,0
DA:33,0
DA:34,0
DA:35,0
DA:36,0
DA:37,0
DA:38,0
DA:39,0
DA:45,0
DA:47,0
DA:48,0
DA:49,0
DA:51,0
DA:52,0
DA:53,0
DA:54,0
DA:55,0
DA:56,0
DA:62,0
DA:63,0
DA:64,0
DA:66,0
DA:67,0
DA:68,0
DA:71,0
DA:72,0
DA:73,0
DA:79,0
DA:80,0
LF:36
LH:2
end_of_record
SF:lib\providers\movies_provider.dart
DA:20,0
DA:29,0
DA:33,0
DA:37,0
DA:41,0
DA:48,0
DA:50,0
DA:53,0
DA:54,0
DA:56,0
DA:59,0
DA:62,0
DA:65,0
DA:68,0
DA:71,0
DA:82,0
DA:94,0
DA:95,0
DA:96,0
DA:97,0
DA:99,0
DA:100,0
DA:103,0
DA:113,0
DA:122,0
DA:123,0
DA:126,0
DA:129,0
DA:132,0
DA:133,0
LF:30
LH:0
end_of_record
SF:lib\providers\payments_provider.dart
DA:26,0
DA:30,0
DA:39,0
DA:44,0
DA:46,0
DA:49,0
DA:50,0
DA:52,0
DA:55,0
DA:58,0
DA:61,0
DA:64,0
DA:67,0
DA:68,0
DA:69,0
DA:70,0
DA:71,0
DA:73,0
DA:76,0
DA:77,0
DA:78,0
DA:79,0
DA:81,0
DA:82,0
DA:83,0
DA:84,0
DA:88,0
DA:89,0
DA:90,0
DA:118,0
DA:119,0
DA:120,0
DA:121,0
DA:122,0
DA:123,0
DA:124,0
DA:125,0
DA:129,0
DA:135,0
DA:143,0
DA:152,0
DA:154,0
DA:177,0
DA:180,0
DA:183,0
DA:184,0
LF:46
LH:0
end_of_record
SF:lib\providers\shows_provider.dart
DA:21,0
DA:30,0
DA:37,0
DA:48,0
DA:50,0
DA:53,0
DA:56,0
DA:59,0
DA:62,0
DA:65,0
DA:75,0
DA:81,0
DA:82,0
DA:84,0
DA:85,0
DA:94,0
DA:98,0
DA:108,0
DA:109,0
DA:110,0
DA:111,0
DA:112,0
DA:113,0
DA:114,0
DA:115,0
DA:117,0
DA:118,0
DA:121,0
DA:124,0
DA:127,0
DA:128,0
LF:31
LH:0
end_of_record
SF:lib\providers\theaters_provider.dart
DA:23,0
DA:27,0
DA:55,0
DA:56,0
DA:58,0
DA:59,0
DA:60,0
DA:62,0
DA:64,0
DA:66,0
DA:68,0
DA:70,0
DA:73,0
DA:75,0
DA:78,0
DA:79,0
DA:81,0
DA:82,0
DA:83,0
DA:88,0
DA:92,0
DA:95,0
DA:96,0
DA:100,0
DA:108,0
DA:117,0
DA:119,0
DA:122,0
DA:131,0
DA:139,0
DA:140,0
DA:141,0
DA:144,0
DA:147,0
DA:150,0
DA:151,0
LF:36
LH:0
end_of_record
SF:lib\services\networking\network_exception.dart
DA:57,0
DA:59,0
DA:60,0
DA:61,0
DA:66,0
DA:71,0
DA:76,0
DA:81,0
DA:82,0
DA:83,0
DA:89,0
DA:90,0
DA:92,0
DA:93,0
DA:98,0
DA:110,0
DA:111,0
DA:113,0
DA:115,0
LF:19
LH:0
end_of_record
SF:lib\services\local_storage\key_value_storage_base.dart
DA:22,22
DA:25,0
DA:31,0
DA:32,0
DA:37,0
DA:40,0
DA:41,0
DA:42,0
DA:43,0
DA:44,0
DA:46,0
DA:52,0
DA:54,0
DA:55,0
DA:56,0
DA:61,0
DA:63,0
DA:64,0
DA:65,0
DA:66,0
DA:67,0
DA:72,0
DA:74,0
DA:75,0
DA:76,0
DA:77,0
DA:82,0
DA:85,0
DA:87,0
DA:89,0
LF:30
LH:1
end_of_record
SF:lib\services\networking\api_interface.dart
DA:14,0
LF:1
LH:0
end_of_record
SF:lib\views\widgets\common\custom_dialog.dart
DA:12,22
DA:20,0
DA:47,0
DA:49,0
DA:58,0
DA:59,0
DA:60,0
DA:64,0
DA:68,0
DA:69,0
DA:70,0
DA:72,0
DA:73,0
DA:74,0
DA:80,0
DA:81,0
DA:82,0
DA:85,0
DA:86,0
DA:87,0
DA:88,0
DA:89,0
DA:93,0
DA:96,0
DA:97,0
DA:98,0
DA:101,0
DA:103,0
DA:104,0
DA:105,0
DA:111,0
DA:112,0
DA:113,0
DA:123,4
DA:128,0
DA:138,10
DA:145,0
LF:37
LH:3
end_of_record
SF:lib\views\widgets\common\scrollable_column.dart
DA:13,4
DA:27,4
DA:29,4
DA:31,4
DA:33,8
DA:34,4
DA:35,4
DA:36,4
DA:37,0
DA:38,0
DA:41,4
DA:42,4
DA:43,4
DA:44,4
DA:45,4
DA:46,4
DA:47,16
DA:49,4
DA:50,4
DA:51,4
DA:52,4
DA:54,4
DA:56,4
DA:57,4
LF:24
LH:22
end_of_record
SF:lib\views\widgets\common\rounded_bottom_container.dart
DA:12,4
DA:17,4
DA:19,4
DA:21,4
DA:30,4
DA:33,4
DA:35,4
DA:44,4
DA:47,4
DA:48,4
DA:49,4
DA:51,4
LF:12
LH:12
end_of_record
SF:lib\views\widgets\change_password\change_password_fields.dart
DA:18,1
DA:24,1
DA:26,3
DA:27,1
DA:29,1
DA:31,1
DA:34,1
DA:37,0
DA:39,0
DA:46,1
DA:49,1
DA:52,0
DA:54,0
DA:61,1
DA:64,1
DA:67,0
DA:69,0
LF:17
LH:11
end_of_record
SF:lib\views\widgets\change_password\save_password_button.dart
DA:17,1
DA:20,1
DA:22,1
DA:24,1
DA:26,1
DA:28,1
DA:29,1
DA:30,3
DA:31,1
DA:32,0
DA:40,1
LF:11
LH:10
end_of_record
SF:lib\views\widgets\common\custom_textfield.dart
DA:29,4
DA:64,4
DA:66,4
DA:67,4
DA:74,8
DA:76,13
DA:78,12
DA:80,4
DA:81,12
DA:83,1
DA:84,1
DA:85,3
DA:86,2
DA:89,1
DA:90,2
DA:91,0
DA:92,0
DA:96,1
DA:97,4
DA:98,2
DA:99,1
DA:104,0
DA:105,0
DA:106,0
DA:110,4
DA:120,4
DA:127,0
DA:137,4
DA:139,4
DA:141,4
DA:143,8
DA:144,4
DA:145,8
DA:146,4
DA:147,8
DA:148,4
DA:149,8
DA:150,8
DA:151,8
DA:162,4
DA:163,8
DA:164,8
DA:165,4
DA:166,8
DA:167,8
DA:168,8
DA:169,8
DA:170,8
DA:171,8
DA:172,8
DA:173,8
DA:178,8
DA:179,4
DA:180,4
DA:181,4
DA:182,4
DA:183,4
DA:184,8
DA:185,8
DA:186,8
DA:187,8
DA:188,8
DA:189,8
DA:193,4
DA:194,4
DA:195,4
DA:196,4
DA:197,4
DA:198,4
DA:199,4
DA:212,4
DA:214,0
DA:215,0
DA:216,0
DA:217,0
DA:218,0
DA:219,0
DA:220,0
LF:78
LH:65
end_of_record
SF:lib\views\widgets\common\custom_text_button.dart
DA:19,5
DA:34,5
DA:60,5
DA:62,5
DA:63,5
DA:64,5
DA:65,10
DA:66,5
DA:67,10
DA:70,10
DA:71,5
DA:72,5
DA:73,5
DA:74,5
DA:75,5
DA:76,10
DA:77,5
DA:78,10
DA:79,5
DA:81,5
DA:88,5
DA:98,5
DA:112,2
DA:122,2
LF:24
LH:24
end_of_record
SF:lib\views\screens\forgot_password_screen.dart
DA:26,1
DA:28,0
DA:29,0
DA:32,0
DA:40,0
DA:43,1
DA:48,2
DA:49,1
DA:50,1
DA:51,1
DA:52,0
DA:53,0
DA:54,0
DA:55,0
DA:56,0
DA:57,0
DA:58,0
DA:60,0
DA:61,0
DA:70,0
DA:72,0
DA:73,0
DA:77,0
DA:78,0
DA:79,0
DA:83,0
DA:85,1
DA:86,0
DA:87,1
DA:88,1
DA:90,1
DA:91,0
DA:92,0
DA:93,1
DA:95,1
DA:102,1
DA:103,0
DA:104,0
DA:105,0
DA:127,1
DA:128,0
DA:129,0
DA:130,0
LF:43
LH:14
end_of_record
SF:lib\views\widgets\forgot_password\forgot_button_widget.dart
DA:20,1
DA:25,1
DA:27,1
DA:28,1
DA:34,0
DA:39,0
DA:40,0
DA:41,0
DA:43,0
DA:45,0
DA:47,0
DA:48,0
DA:54,1
DA:56,2
DA:57,1
DA:59,1
DA:60,1
DA:61,2
DA:63,0
DA:77,1
DA:79,1
DA:80,2
DA:82,0
DA:94,1
DA:96,1
DA:97,2
DA:99,0
DA:113,1
DA:115,0
DA:117,0
DA:128,0
DA:129,0
LF:32
LH:17
end_of_record
SF:lib\views\widgets\forgot_password\forgot_message_widget.dart
DA:13,4
DA:15,0
DA:17,1
DA:18,1
DA:21,2
DA:28,1
DA:30,2
DA:31,1
DA:32,2
DA:36,2
DA:37,2
DA:38,0
DA:39,0
LF:13
LH:10
end_of_record
SF:lib\views\widgets\forgot_password\forgot_name_widget.dart
DA:12,4
DA:14,0
DA:16,1
DA:17,1
DA:23,1
DA:24,1
DA:26,3
DA:30,1
DA:32,2
DA:33,1
DA:34,1
DA:35,2
DA:36,1
DA:38,1
DA:39,2
DA:40,1
DA:42,1
DA:43,2
DA:44,1
DA:46,0
DA:47,0
LF:21
LH:18
end_of_record
SF:lib\views\widgets\forgot_password\forgot_resend_widget.dart
DA:13,4
DA:15,0
DA:17,1
DA:19,2
DA:20,1
DA:21,2
DA:23,1
DA:24,1
DA:25,0
DA:26,0
DA:28,1
DA:30,2
DA:38,1
LF:13
LH:10
end_of_record
SF:lib\views\widgets\forgot_password\forgot_text_fields.dart
DA:17,1
DA:22,1
DA:28,1
DA:29,1
DA:35,1
DA:37,2
DA:38,1
DA:39,1
DA:40,2
DA:41,2
DA:48,1
DA:50,1
DA:51,1
DA:52,1
DA:54,1
DA:55,2
DA:56,2
DA:57,2
DA:59,1
DA:61,0
DA:62,0
LF:21
LH:19
end_of_record
SF:lib\views\widgets\forgot_password\reset_password_fields.dart
DA:13,1
DA:17,1
DA:19,1
DA:21,1
DA:22,1
DA:24,1
DA:27,1
DA:36,1
DA:39,1
DA:42,0
DA:44,0
LF:11
LH:9
end_of_record
SF:lib\views\widgets\forgot_password\otp_code_fields.dart
DA:15,4
DA:17,0
DA:19,1
DA:21,1
DA:22,1
DA:23,1
DA:25,1
DA:27,2
DA:28,1
DA:43,0
DA:44,0
DA:45,0
DA:47,0
DA:48,0
DA:49,0
DA:50,0
DA:51,0
LF:17
LH:8
end_of_record
SF:lib\views\screens\home_screen.dart
DA:17,4
DA:19,1
DA:21,1
DA:23,1
DA:25,1
DA:27,1
DA:29,1
DA:31,2
DA:37,1
DA:39,1
DA:45,1
DA:47,2
DA:57,1
DA:59,1
DA:61,1
DA:62,1
DA:64,0
DA:65,0
DA:85,1
DA:87,0
DA:89,1
DA:91,1
DA:100,1
DA:102,0
DA:103,0
DA:105,1
LF:26
LH:21
end_of_record
SF:lib\helper\utils\assets_helper.dart
DA:7,0
LF:1
LH:0
end_of_record
SF:lib\routes\app_router.gr.dart
DA:26,0
DA:27,0
DA:31,0
DA:33,0
DA:34,0
DA:36,0
DA:38,0
DA:39,0
DA:41,0
DA:43,0
DA:44,0
DA:46,0
DA:48,0
DA:49,0
DA:51,0
DA:53,0
DA:54,0
DA:56,0
DA:58,0
DA:59,0
DA:61,0
DA:63,0
DA:64,0
DA:66,0
DA:68,0
DA:69,0
DA:71,0
DA:73,0
DA:74,0
DA:76,0
DA:78,0
DA:79,0
DA:81,0
DA:83,0
DA:86,0
DA:88,0
DA:91,0
DA:92,0
DA:94,0
DA:95,0
DA:97,0
DA:98,0
DA:100,0
DA:101,0
DA:105,0
DA:106,0
DA:107,0
DA:108,0
DA:109,0
DA:110,0
DA:111,0
DA:113,0
DA:114,0
DA:115,0
DA:116,0
DA:118,0
DA:119,0
DA:121,0
DA:123,0
DA:125,0
DA:131,0
DA:137,3
DA:143,3
DA:149,3
DA:155,3
DA:161,3
DA:167,3
DA:173,3
DA:179,3
DA:180,0
DA:186,3
DA:192,3
DA:198,3
DA:204,3
DA:205,0
DA:211,3
DA:212,0
LF:77
LH:13
end_of_record
SF:lib\views\screens\app_startup_screen.dart
DA:13,0
DA:15,0
DA:17,0
DA:18,0
DA:19,0
DA:20,0
LF:6
LH:0
end_of_record
SF:lib\views\screens\confirmation_screen.dart
DA:16,3
DA:18,0
DA:20,0
DA:22,0
DA:23,0
DA:24,0
DA:29,0
DA:30,0
DA:31,0
DA:32,0
DA:35,0
DA:36,0
DA:37,0
DA:62,0
DA:63,0
DA:88,0
DA:89,0
DA:116,0
DA:117,0
DA:118,0
DA:119,0
LF:21
LH:1
end_of_record
SF:lib\views\screens\login_screen.dart
DA:29,1
DA:31,1
DA:33,3
DA:34,1
DA:35,1
DA:36,1
DA:37,1
DA:38,1
DA:39,0
DA:40,0
DA:41,0
DA:42,0
DA:43,0
DA:45,0
DA:46,0
DA:48,0
DA:49,0
DA:56,0
DA:58,1
DA:59,0
DA:60,1
DA:61,1
DA:63,1
DA:65,1
DA:67,1
DA:69,1
DA:71,2
DA:80,1
DA:92,1
DA:106,1
DA:108,1
DA:109,1
DA:110,0
DA:111,0
DA:113,1
DA:115,2
DA:127,1
DA:129,1
DA:131,0
DA:132,0
DA:133,0
DA:134,0
DA:135,0
DA:136,0
DA:141,1
DA:142,1
DA:143,2
DA:144,1
DA:145,0
DA:153,1
LF:50
LH:30
end_of_record
SF:lib\views\screens\movie_details_screen.dart
DA:17,0
DA:19,0
DA:21,0
DA:23,0
DA:30,0
DA:34,0
DA:36,0
DA:37,0
DA:39,0
DA:47,0
DA:48,0
DA:54,0
DA:57,0
DA:59,0
DA:63,0
DA:64,0
LF:16
LH:0
end_of_record
SF:lib\views\screens\movies_screen.dart
DA:24,0
DA:26,0
DA:28,0
DA:29,0
DA:30,0
DA:32,0
DA:35,0
DA:36,0
DA:37,0
DA:38,0
DA:40,0
DA:41,0
DA:43,0
DA:45,0
DA:46,0
DA:53,0
DA:58,0
DA:66,0
DA:67,0
DA:68,0
DA:76,0
DA:78,0
DA:79,0
DA:96,0
DA:97,0
DA:100,0
DA:101,0
DA:102,0
DA:103,0
LF:29
LH:0
end_of_record
SF:lib\views\screens\payment_screen.dart
DA:16,0
DA:18,0
DA:20,0
DA:21,0
DA:22,0
DA:23,0
DA:24,0
DA:25,0
DA:34,0
DA:47,0
DA:48,0
DA:55,0
DA:81,3
DA:83,0
DA:85,0
DA:87,0
DA:89,0
DA:92,0
DA:93,0
DA:100,0
DA:102,0
LF:21
LH:1
end_of_record
SF:lib\views\screens\register_screen.dart
DA:27,1
DA:29,1
DA:30,1
DA:35,2
DA:37,0
DA:38,0
DA:39,0
DA:40,0
DA:42,0
DA:49,0
DA:51,0
DA:54,1
DA:55,1
DA:57,1
DA:58,3
DA:59,3
DA:60,1
DA:64,1
DA:65,1
DA:89,1
DA:96,1
DA:98,0
DA:99,0
DA:100,0
DA:101,0
DA:111,1
DA:112,1
DA:113,2
DA:114,1
DA:141,1
DA:142,1
DA:145,1
DA:146,2
DA:149,0
DA:150,0
DA:151,0
DA:152,0
DA:153,0
DA:154,0
DA:163,1
DA:165,1
DA:166,1
DA:167,1
DA:168,1
DA:169,1
DA:170,1
DA:171,1
DA:173,0
DA:174,0
DA:175,0
DA:176,0
DA:177,0
DA:178,0
DA:179,0
DA:180,0
DA:181,0
DA:184,1
DA:185,1
DA:186,1
DA:187,0
DA:189,0
DA:190,0
DA:192,1
DA:193,0
DA:194,1
DA:195,1
DA:197,1
DA:198,1
DA:199,1
DA:200,1
DA:201,1
DA:202,1
DA:203,1
DA:205,1
DA:207,2
DA:215,1
DA:216,1
DA:223,1
DA:234,1
DA:241,1
DA:244,1
DA:245,1
DA:246,1
DA:247,1
DA:248,1
DA:249,1
DA:250,1
DA:251,1
DA:269,1
DA:276,1
DA:278,1
DA:279,1
DA:281,1
DA:282,1
DA:293,1
DA:294,1
DA:305,1
DA:306,1
DA:317,1
DA:318,1
DA:324,1
DA:326,1
DA:327,1
DA:329,1
DA:354,1
DA:359,1
DA:361,1
DA:362,1
DA:364,1
DA:365,1
DA:377,1
DA:378,1
DA:383,0
DA:385,0
LF:114
LH:82
end_of_record
SF:lib\views\screens\shows_screen.dart
DA:29,0
DA:31,0
DA:33,0
DA:34,0
DA:35,0
DA:36,0
DA:37,0
DA:41,0
DA:43,0
DA:45,0
DA:48,0
DA:49,0
DA:56,0
DA:57,0
DA:58,0
DA:59,0
DA:60,0
DA:65,0
DA:78,0
DA:79,0
DA:82,0
DA:83,0
DA:85,0
DA:87,0
DA:89,0
DA:99,0
DA:110,0
DA:116,0
DA:118,0
DA:128,0
DA:145,0
DA:147,0
DA:162,0
DA:164,0
DA:165,0
DA:166,0
DA:167,0
DA:168,0
DA:169,0
DA:171,0
DA:172,0
DA:173,0
DA:195,0
DA:196,0
DA:197,0
LF:45
LH:0
end_of_record
SF:lib\views\screens\theater_screen.dart
DA:28,0
DA:33,0
DA:34,0
DA:37,0
DA:38,0
DA:41,0
DA:43,0
DA:44,0
DA:45,0
DA:46,0
DA:48,0
DA:50,0
DA:59,0
DA:60,0
DA:63,0
DA:64,0
DA:65,0
DA:66,0
DA:67,0
DA:68,0
DA:69,0
DA:71,0
DA:72,0
DA:74,0
DA:75,0
DA:82,0
DA:87,0
DA:88,0
DA:89,0
DA:90,0
DA:91,0
DA:92,0
DA:103,0
DA:105,0
DA:106,0
DA:108,0
DA:109,0
DA:111,0
DA:121,0
DA:135,0
DA:136,0
DA:138,0
DA:153,3
DA:155,0
DA:157,0
DA:159,0
DA:161,0
DA:162,0
DA:163,0
LF:49
LH:1
end_of_record
SF:lib\views\screens\ticket_summary_screen.dart
DA:12,0
DA:14,0
DA:16,0
DA:18,0
DA:19,0
DA:43,3
DA:45,0
DA:47,0
DA:49,0
DA:51,0
DA:54,0
DA:55,0
DA:62,0
DA:65,0
DA:66,0
LF:15
LH:1
end_of_record
SF:lib\views\screens\trailer_screen.dart
DA:15,0
DA:17,0
DA:18,0
DA:36,0
DA:38,0
DA:39,0
DA:40,0
DA:41,0
DA:46,0
DA:50,0
DA:53,0
DA:54,0
DA:56,0
DA:57,0
DA:61,0
DA:67,0
DA:69,0
DA:70,0
DA:71,0
DA:72,0
DA:76,0
DA:77,0
DA:79,0
DA:81,0
DA:82,0
DA:89,0
DA:90,0
DA:91,0
DA:92,0
DA:93,0
DA:96,0
DA:104,0
DA:111,0
DA:112,0
LF:34
LH:0
end_of_record
SF:lib\views\screens\user_bookings_screen.dart
DA:11,3
DA:13,0
DA:15,0
DA:16,0
DA:17,0
DA:18,0
DA:22,0
DA:24,0
DA:26,0
DA:29,0
DA:30,0
DA:37,0
DA:38,0
DA:43,0
LF:14
LH:1
end_of_record
SF:lib\views\screens\welcome_screen.dart
DA:22,3
DA:24,0
DA:26,0
DA:28,0
DA:30,0
DA:32,0
DA:36,0
DA:38,0
DA:40,0
DA:42,0
DA:49,0
DA:50,0
DA:51,0
DA:57,0
DA:64,0
DA:65,0
DA:74,0
DA:76,0
LF:18
LH:1
end_of_record
SF:lib\views\widgets\confirmation\more_bookings_button.dart
DA:18,3
DA:20,0
DA:22,0
DA:24,0
DA:26,0
DA:27,0
DA:28,0
LF:7
LH:1
end_of_record
SF:lib\views\widgets\confirmation\retry_payment_button.dart
DA:14,3
DA:16,0
DA:18,0
DA:20,0
DA:22,0
DA:23,0
LF:6
LH:1
end_of_record
SF:lib\views\widgets\movie_details\floating_movie_posters.dart
DA:16,3
DA:18,0
DA:19,0
DA:25,0
DA:27,0
DA:28,0
DA:29,0
DA:30,0
DA:35,0
DA:37,0
DA:39,0
DA:41,0
DA:42,0
DA:52,0
DA:53,0
DA:74,0
DA:75,0
DA:88,3
DA:90,0
DA:92,0
DA:94,0
DA:95,0
DA:96,0
DA:105,3
DA:107,0
DA:109,0
DA:111,0
DA:112,0
DA:113,0
DA:122,3
DA:124,0
DA:126,0
DA:128,0
DA:129,0
DA:131,0
DA:132,0
DA:133,0
DA:134,0
DA:135,0
DA:140,0
LF:40
LH:4
end_of_record
SF:lib\views\widgets\movie_details\movie_details_sheet.dart
DA:17,0
DA:18,0
DA:21,3
DA:23,0
DA:24,0
DA:31,0
DA:32,0
DA:35,0
DA:40,0
DA:43,0
DA:44,0
DA:47,0
DA:50,0
DA:51,0
DA:54,0
DA:56,0
DA:59,0
DA:60,0
DA:63,0
DA:64,0
DA:67,0
DA:68,0
DA:69,0
DA:78,0
DA:80,0
DA:81,0
DA:82,0
DA:86,0
DA:87,0
DA:88,0
DA:89,0
DA:96,0
DA:99,0
DA:101,0
DA:102,0
DA:109,0
DA:110,0
DA:111,0
DA:115,0
DA:158,0
DA:159,0
DA:160,0
DA:162,0
DA:165,0
LF:44
LH:1
end_of_record
SF:lib\views\skeletons\movies_skeleton_loader.dart
DA:11,3
DA:13,0
DA:15,0
DA:16,0
DA:19,0
DA:21,0
DA:32,0
DA:34,0
DA:36,0
DA:37,0
DA:38,0
DA:62,0
DA:63,0
DA:64,0
DA:74,0
DA:151,0
DA:152,0
DA:153,0
LF:18
LH:1
end_of_record
SF:lib\views\widgets\movies\movie_backdrop_view.dart
DA:12,0
DA:16,0
DA:21,0
DA:23,0
DA:26,0
DA:27,0
DA:28,0
DA:29,0
DA:31,0
DA:37,0
LF:10
LH:0
end_of_record
SF:lib\views\widgets\movies\movie_carousel.dart
DA:26,0
DA:31,0
DA:32,0
DA:38,0
DA:40,0
DA:42,0
DA:43,0
DA:45,0
DA:46,0
DA:47,0
DA:48,0
DA:49,0
DA:50,0
DA:51,0
DA:52,0
DA:53,0
DA:54,0
DA:55,0
DA:56,0
DA:57,0
DA:58,0
DA:64,0
DA:65,0
DA:72,0
DA:73,0
DA:74,0
DA:75,0
DA:76,0
DA:78,0
LF:29
LH:0
end_of_record
SF:lib\views\widgets\movies\movie_icons_row.dart
DA:9,3
DA:11,0
DA:13,0
DA:15,0
DA:17,0
DA:19,0
DA:21,0
DA:24,0
LF:8
LH:1
end_of_record
SF:lib\views\widgets\common\error_response_handler.dart
DA:18,0
DA:24,0
DA:34,0
DA:36,0
DA:37,0
DA:38,0
DA:39,0
DA:40,0
DA:43,0
DA:44,0
DA:45,0
DA:53,0
DA:59,0
DA:67,0
DA:69,0
DA:70,0
DA:71,0
DA:72,0
LF:18
LH:0
end_of_record
SF:lib\views\widgets\payment\pay_button.dart
DA:18,3
DA:20,0
DA:22,0
DA:24,0
DA:26,0
DA:27,0
DA:28,0
LF:7
LH:1
end_of_record
SF:lib\views\widgets\payment\billing_details.dart
DA:11,3
DA:13,0
DA:15,0
DA:17,0
DA:19,0
DA:29,0
DA:61,0
DA:62,0
DA:64,0
DA:66,0
DA:67,0
DA:68,0
DA:69,0
DA:70,0
DA:107,0
DA:109,0
DA:110,0
DA:111,0
DA:112,0
DA:113,0
DA:114,0
LF:21
LH:1
end_of_record
SF:lib\views\widgets\payment\mode_details_input.dart
DA:18,3
DA:20,0
DA:21,0
DA:28,0
DA:29,0
DA:30,0
DA:31,0
DA:33,0
DA:40,0
DA:42,0
DA:45,0
DA:46,0
DA:49,0
DA:51,0
DA:52,0
DA:53,0
DA:54,0
DA:55,0
DA:56,0
DA:57,0
DA:58,0
DA:59,0
DA:61,0
DA:62,0
DA:63,0
DA:64,0
DA:65,0
DA:69,0
DA:70,0
DA:75,0
DA:76,0
DA:81,0
DA:96,0
DA:101,0
DA:103,0
DA:105,0
DA:108,0
DA:112,0
DA:113,0
DA:124,0
DA:125,0
DA:136,0
DA:137,0
DA:157,0
DA:161,0
DA:163,0
DA:165,0
DA:168,0
DA:172,0
DA:173,0
DA:184,0
DA:185,0
DA:206,0
DA:211,0
DA:213,0
DA:215,0
DA:218,0
DA:222,0
DA:223,0
DA:235,0
DA:236,0
DA:248,0
DA:249,0
LF:63
LH:1
end_of_record
SF:lib\views\widgets\payment\payment_options.dart
DA:14,3
DA:16,0
DA:18,0
DA:19,0
DA:21,0
DA:38,0
DA:40,0
DA:42,0
DA:44,0
DA:47,0
DA:51,0
DA:52,0
DA:57,0
DA:59,0
DA:68,0
DA:71,0
DA:75,0
DA:76,0
DA:81,0
DA:83,0
DA:92,0
DA:94,0
DA:96,0
DA:98,0
DA:101,0
DA:105,0
DA:106,0
DA:111,0
DA:113,0
LF:29
LH:1
end_of_record
SF:lib\views\skeletons\shows_skeleton_loader.dart
DA:11,3
DA:13,0
DA:15,0
DA:16,0
DA:18,0
DA:20,0
DA:22,0
DA:32,0
DA:33,0
DA:44,0
DA:46,0
DA:47,0
DA:48,0
DA:59,0
DA:80,0
DA:82,0
DA:92,0
DA:93,0
DA:104,0
DA:106,0
DA:121,0
DA:122,0
DA:140,0
DA:142,0
DA:152,0
DA:153,0
LF:26
LH:1
end_of_record
SF:lib\views\widgets\show_times\show_dates_list.dart
DA:18,0
DA:20,0
DA:21,0
DA:27,0
DA:33,0
DA:36,0
DA:38,0
DA:40,0
DA:41,0
DA:43,0
DA:46,0
DA:47,0
DA:48,0
DA:49,0
DA:52,0
DA:53,0
DA:54,0
DA:55,0
DA:56,0
DA:57,0
DA:60,0
DA:61,0
DA:74,0
DA:80,0
DA:82,0
DA:84,0
DA:85,0
DA:86,0
DA:90,0
DA:91,0
DA:92,0
DA:95,0
DA:97,0
DA:99,0
DA:100,0
DA:102,0
DA:111,0
DA:112,0
DA:114,0
LF:39
LH:0
end_of_record
SF:lib\views\widgets\show_times\show_details_box.dart
DA:17,3
DA:19,0
DA:21,0
DA:22,0
DA:23,0
DA:26,0
DA:31,0
DA:32,0
DA:33,0
DA:34,0
DA:35,0
DA:53,0
DA:54,0
DA:56,0
DA:58,0
DA:59,0
DA:60,0
DA:67,0
DA:68,0
DA:73,0
DA:74,0
DA:79,0
DA:80,0
LF:23
LH:1
end_of_record
SF:lib\views\widgets\show_times\show_times_list.dart
DA:14,3
DA:16,0
DA:25,0
DA:28,0
DA:30,0
DA:31,0
DA:32,0
DA:33,0
DA:35,0
DA:39,0
DA:40,0
DA:41,0
DA:42,0
DA:45,0
DA:46,0
DA:47,0
DA:48,0
DA:50,0
DA:63,0
DA:68,0
DA:70,0
DA:72,0
DA:73,0
DA:74,0
DA:78,0
DA:79,0
DA:80,0
DA:83,0
DA:84,0
DA:85,0
DA:87,0
LF:31
LH:1
end_of_record
SF:lib\views\skeletons\theater_skeleton_loader.dart
DA:11,3
DA:18,0
DA:20,0
DA:21,0
DA:22,0
DA:23,0
DA:25,0
DA:26,0
DA:33,0
DA:35,0
DA:36,0
DA:37,0
DA:39,0
DA:41,0
DA:43,0
DA:45,0
DA:46,0
DA:47,0
DA:49,0
DA:50,0
DA:51,0
DA:63,0
DA:64,0
DA:69,0
DA:71,0
DA:73,0
DA:74,0
DA:75,0
DA:77,0
DA:78,0
DA:79,0
DA:106,0
DA:108,0
DA:110,0
DA:111,0
DA:112,0
DA:129,0
DA:131,0
DA:133,0
DA:134,0
DA:135,0
DA:157,0
DA:221,3
DA:223,0
DA:225,0
DA:226,0
DA:227,0
DA:228,0
DA:229,0
DA:231,0
DA:232,0
DA:233,0
DA:234,0
DA:235,0
DA:236,0
DA:237,0
DA:240,0
DA:243,0
LF:58
LH:2
end_of_record
SF:lib\views\widgets\common\custom_chips_list.dart
DA:15,0
DA:28,0
DA:30,0
DA:32,0
DA:33,0
DA:34,0
DA:35,0
DA:38,0
DA:39,0
DA:40,0
DA:42,0
DA:44,0
DA:45,0
DA:46,0
DA:47,0
DA:48,0
DA:55,0
DA:56,0
DA:57,0
DA:59,0
DA:60,0
DA:62,0
DA:64,0
DA:65,0
DA:66,0
DA:67,0
DA:68,0
DA:69,0
DA:71,0
LF:29
LH:0
end_of_record
SF:lib\views\widgets\theater\curved_screen.dart
DA:8,0
DA:13,0
DA:15,0
DA:16,0
DA:19,0
DA:20,0
DA:21,0
DA:22,0
DA:31,3
DA:33,0
DA:35,0
DA:36,0
DA:37,0
DA:38,0
DA:39,0
DA:41,0
DA:42,0
DA:43,0
DA:44,0
DA:45,0
DA:46,0
DA:47,0
DA:50,0
DA:52,0
DA:53,0
DA:54,0
DA:55,0
DA:57,0
DA:58,0
DA:59,0
DA:64,0
DA:65,0
DA:66,0
DA:67,0
DA:68,0
DA:69,0
DA:70,0
DA:72,0
DA:73,0
DA:74,0
DA:75,0
DA:76,0
DA:77,0
DA:78,0
DA:80,0
DA:81,0
DA:82,0
DA:83,0
DA:84,0
DA:86,0
DA:87,0
DA:89,0
DA:92,0
LF:53
LH:1
end_of_record
SF:lib\views\widgets\theater\purchase_seats_button.dart
DA:18,3
DA:20,0
DA:22,0
DA:24,0
DA:25,0
DA:26,0
DA:27,0
DA:29,0
DA:30,0
DA:32,0
DA:34,0
DA:35,0
DA:36,0
LF:13
LH:1
end_of_record
SF:lib\views\widgets\theater\seat_color_indicators.dart
DA:10,3
DA:14,3
DA:22,0
DA:24,0
DA:26,0
DA:28,0
DA:29,0
DA:30,0
DA:32,0
DA:34,0
DA:37,0
DA:38,0
DA:39,0
DA:47,0
DA:48,0
LF:15
LH:2
end_of_record
SF:lib\views\widgets\theater\seats_area.dart
DA:15,0
DA:28,0
DA:30,0
DA:32,0
DA:34,0
DA:35,0
DA:39,0
DA:40,0
DA:41,0
DA:42,0
DA:48,0
DA:50,0
DA:51,0
DA:52,0
DA:54,0
DA:56,0
DA:58,0
DA:59,0
DA:60,0
DA:62,0
DA:63,0
DA:64,0
DA:75,0
DA:76,0
DA:77,0
DA:78,0
DA:79,0
DA:80,0
DA:81,0
DA:84,0
DA:85,0
DA:86,0
DA:87,0
DA:89,0
DA:90,0
DA:91,0
DA:92,0
DA:94,0
DA:96,0
DA:106,0
LF:40
LH:0
end_of_record
SF:lib\views\widgets\ticket_summary\confirm_bookings_button.dart
DA:14,3
DA:16,0
DA:18,0
DA:20,0
DA:22,0
DA:23,0
LF:6
LH:1
end_of_record
SF:lib\views\widgets\ticket_summary\tickets_summary_box.dart
DA:21,3
DA:23,0
DA:25,0
DA:26,0
DA:27,0
DA:33,0
DA:34,0
DA:36,0
DA:37,0
DA:38,0
DA:39,0
DA:40,0
DA:65,0
LF:13
LH:1
end_of_record
SF:lib\views\widgets\user_bookings\user_bookings_history.dart
DA:16,3
DA:18,0
DA:20,0
DA:21,0
DA:24,0
DA:25,0
DA:26,0
DA:27,0
DA:29,0
LF:9
LH:1
end_of_record
SF:lib\views\widgets\welcome\user_profile_details.dart
DA:13,3
DA:15,0
DA:17,0
DA:19,0
DA:20,0
DA:23,0
DA:25,0
DA:27,0
DA:35,0
DA:36,0
DA:37,0
DA:46,0
DA:48,0
DA:56,0
DA:57,0
DA:58,0
DA:67,0
DA:69,0
DA:77,0
DA:78,0
DA:79,0
DA:88,0
DA:90,0
DA:98,0
DA:99,0
DA:100,0
LF:26
LH:1
end_of_record
SF:lib\views\widgets\welcome\view_bookings_button.dart
DA:14,3
DA:16,0
DA:18,0
DA:20,0
DA:21,0
LF:5
LH:1
end_of_record
SF:lib\views\widgets\welcome\browse_movies_button.dart
DA:14,3
DA:16,0
DA:18,0
DA:20,0
DA:21,0
LF:5
LH:1
end_of_record
SF:lib\views\skeletons\actor_picture_placeholder.dart
DA:6,3
DA:8,0
DA:10,0
LF:3
LH:1
end_of_record
SF:lib\views\skeletons\movie_actors_skeleton_loader.dart
DA:10,3
DA:12,0
DA:14,0
DA:15,0
DA:17,0
DA:18,0
DA:21,0
DA:22,0
DA:24,0
LF:9
LH:1
end_of_record
SF:lib\views\widgets\common\shimmer_loader.dart
DA:7,3
DA:9,0
DA:15,0
DA:16,0
DA:17,0
DA:18,0
DA:19,0
DA:20,0
DA:23,0
DA:25,0
DA:26,0
DA:27,0
LF:12
LH:1
end_of_record
SF:lib\views\skeletons\movie_poster_placeholder.dart
DA:12,15
DA:25,0
DA:27,0
DA:29,0
DA:30,0
DA:31,0
DA:32,0
DA:34,0
DA:36,0
DA:37,0
DA:38,0
DA:41,0
LF:12
LH:1
end_of_record
SF:lib\views\skeletons\user_bookings_skeleton_loader.dart
DA:10,3
DA:12,0
DA:14,0
DA:15,0
DA:18,0
DA:19,0
DA:26,3
DA:28,0
DA:30,0
DA:32,0
DA:34,0
DA:36,0
DA:38,0
DA:40,0
DA:93,3
DA:95,0
DA:97,0
DA:99,0
DA:100,0
DA:109,0
LF:20
LH:3
end_of_record
SF:lib\views\widgets\common\custom_error_widget.dart
DA:19,0
DA:38,0
DA:40,0
DA:41,0
DA:42,0
DA:43,0
DA:44,0
DA:47,0
DA:50,0
DA:51,0
DA:52,0
DA:53,0
DA:55,0
DA:61,0
DA:62,0
DA:64,0
DA:67,0
DA:69,0
DA:70,0
DA:72,0
DA:80,0
DA:92,0
DA:96,0
DA:105,0
DA:109,0
LF:25
LH:0
end_of_record
SF:lib\views\widgets\common\custom_network_image.dart
DA:16,0
DA:30,0
DA:32,0
DA:33,0
DA:34,0
DA:35,0
DA:36,0
DA:37,0
DA:38,0
DA:40,0
DA:41,0
DA:42,0
DA:44,0
DA:45,0
DA:46,0
DA:47,0
DA:48,0
DA:49,0
DA:51,0
LF:19
LH:0
end_of_record
SF:lib\views\widgets\common\ratings.dart
DA:10,0
DA:13,0
DA:15,0
DA:18,0
DA:19,0
DA:22,0
DA:24,0
DA:25,0
DA:27,0
DA:29,0
DA:30,0
DA:31,0
DA:40,0
DA:41,0
DA:42,0
DA:53,0
DA:54,0
DA:55,0
DA:58,0
DA:61,0
LF:20
LH:0
end_of_record
SF:lib\views\widgets\movie_details\movie_actors_list.dart
DA:29,0
DA:43,3
DA:45,0
DA:54,0
DA:56,0
DA:57,0
DA:59,0
DA:60,0
DA:61,0
DA:63,0
DA:65,0
DA:67,0
DA:69,0
DA:80,0
DA:83,0
DA:84,0
DA:85,0
DA:86,0
DA:89,0
DA:90,0
DA:91,0
DA:92,0
DA:93,0
DA:94,0
DA:95,0
DA:96,0
DA:97,0
DA:98,0
DA:99,0
DA:100,0
DA:106,0
DA:107,0
DA:110,0
DA:120,0
DA:125,0
DA:129,0
DA:131,0
DA:132,0
DA:134,0
DA:135,0
DA:147,0
DA:148,0
DA:149,0
DA:150,0
DA:162,0
DA:163,0
DA:164,0
DA:165,0
LF:48
LH:1
end_of_record
SF:lib\views\widgets\movie_details\movie_details_column.dart
DA:16,3
DA:18,0
DA:20,0
DA:21,0
DA:22,0
DA:26,0
DA:27,0
DA:28,0
DA:37,0
DA:40,0
DA:46,0
DA:51,0
DA:52,0
DA:53,0
LF:14
LH:1
end_of_record
SF:lib\views\widgets\movie_details\movie_summary_box.dart
DA:13,3
DA:15,0
DA:17,0
DA:18,0
DA:19,0
DA:21,0
DA:23,0
DA:25,0
DA:27,0
DA:36,0
DA:38,0
DA:39,0
DA:40,0
LF:13
LH:1
end_of_record
SF:lib\views\widgets\movie_details\play_button_widget.dart
DA:13,3
DA:15,0
DA:17,0
DA:19,0
DA:20,0
DA:21,0
DA:22,0
DA:24,0
DA:26,0
DA:33,0
DA:35,0
LF:11
LH:1
end_of_record
SF:lib\views\widgets\movies\white_movie_container.dart
DA:19,0
DA:24,0
DA:30,0
DA:32,0
DA:35,0
DA:36,0
DA:44,0
DA:45,0
DA:46,0
DA:48,0
DA:49,0
DA:50,0
DA:52,0
DA:53,0
DA:54,0
DA:56,0
DA:57,0
DA:64,0
DA:65,0
DA:70,0
DA:83,0
LF:21
LH:0
end_of_record
SF:lib\views\widgets\movies\movie_type_popup_menu.dart
DA:16,3
DA:18,0
DA:20,0
DA:21,0
DA:29,0
DA:31,0
DA:33,0
DA:34,0
DA:35,0
DA:40,0
DA:42,0
DA:43,0
DA:44,0
DA:49,0
DA:51,0
DA:52,0
DA:53,0
DA:58,0
DA:59,0
DA:60,0
DA:61,0
LF:21
LH:1
end_of_record
SF:lib\views\widgets\movies\movie_overview_column.dart
DA:14,0
DA:17,0
DA:21,0
DA:23,0
DA:24,0
DA:26,0
DA:27,0
DA:30,0
DA:39,0
DA:42,0
DA:48,0
LF:11
LH:0
end_of_record
SF:lib\views\widgets\theater\seat_widget.dart
DA:17,0
DA:20,0
DA:22,0
DA:23,0
DA:29,0
DA:30,0
DA:31,0
DA:33,0
DA:34,0
DA:37,0
DA:39,0
DA:42,0
DA:43,0
DA:48,0
DA:49,0
DA:50,0
DA:53,0
DA:54,0
DA:55,0
DA:56,0
DA:58,0
DA:59,0
DA:62,0
DA:63,0
DA:64,0
LF:25
LH:0
end_of_record
SF:lib\views\widgets\ticket_summary\dashed_ticket_separator.dart
DA:4,6
DA:6,0
DA:8,0
DA:10,0
DA:63,3
DA:70,0
DA:72,0
DA:73,0
DA:74,0
DA:75,0
DA:77,0
DA:78,0
DA:80,0
DA:81,0
DA:82,0
DA:86,0
LF:16
LH:2
end_of_record
SF:lib\views\widgets\ticket_summary\show_details_section.dart
DA:13,3
DA:15,0
DA:17,0
DA:22,0
DA:23,0
DA:24,0
DA:25,0
DA:26,0
DA:27,0
DA:29,0
DA:31,0
DA:33,0
DA:41,0
DA:42,0
DA:52,0
DA:54,0
DA:62,0
DA:63,0
DA:73,0
DA:75,0
DA:83,0
LF:21
LH:1
end_of_record
SF:lib\views\widgets\ticket_summary\ticket_details_list.dart
DA:15,3
DA:17,0
DA:19,0
DA:20,0
DA:21,0
DA:22,0
DA:23,0
DA:24,0
DA:25,0
DA:36,0
DA:38,0
DA:46,0
DA:48,0
DA:56,0
DA:57,0
DA:67,0
LF:16
LH:1
end_of_record
SF:lib\views\widgets\user_bookings\booking_details_dialog.dart
DA:22,0
DA:26,0
DA:28,0
DA:30,0
DA:31,0
DA:34,0
DA:35,0
DA:37,0
DA:38,0
DA:50,0
DA:51,0
DA:53,0
DA:55,0
DA:56,0
DA:58,0
DA:97,0
DA:98,0
DA:99,0
DA:101,0
DA:102,0
DA:103,0
DA:114,0
DA:136,0
DA:139,0
DA:143,0
DA:145,0
DA:146,0
DA:148,0
DA:150,0
DA:151,0
DA:160,0
DA:161,0
DA:162,0
DA:171,0
DA:173,0
DA:174,0
DA:176,0
DA:177,0
DA:187,0
DA:188,0
DA:193,0
DA:194,0
DA:199,0
DA:200,0
LF:44
LH:0
end_of_record
SF:lib\views\widgets\user_bookings\booking_summary_row.dart
DA:15,0
DA:22,0
DA:24,0
DA:26,0
DA:28,0
DA:30,0
DA:32,0
DA:33,0
DA:42,0
DA:44,0
DA:46,0
DA:47,0
DA:60,0
DA:61,0
DA:72,0
DA:73,0
DA:85,0
DA:86,0
DA:97,0
DA:98,0
DA:110,0
DA:111,0
DA:122,0
DA:123,0
DA:137,0
DA:140,0
DA:148,0
DA:150,0
DA:160,0
DA:161,0
LF:30
LH:0
end_of_record
SF:lib\views\widgets\user_bookings\user_bookings_list.dart
DA:18,0
DA:21,0
DA:26,0
DA:27,0
DA:33,0
DA:35,0
DA:36,0
DA:37,0
DA:38,0
DA:41,0
DA:42,0
DA:43,0
DA:48,0
DA:50,0
DA:52,0
DA:53,0
DA:54,0
DA:55,0
DA:56,0
DA:57,0
DA:58,0
DA:60,0
DA:61,0
DA:62,0
DA:64,0
DA:66,0
DA:69,0
DA:70,0
DA:71,0
DA:75,0
DA:78,0
DA:79,0
DA:82,0
LF:33
LH:0
end_of_record
SF:lib\helper\extensions\int_extension.dart
DA:6,2
DA:9,2
DA:12,2
LF:3
LH:3
end_of_record
